2023.03.03 08:47:19 INFO  Started: Metals version 0.11.11 in workspace '/Users/devingessner/Library/CloudStorage/Dropbox/CSCI/CSCI 3155/Projects/project1_student' for client Visual Studio Code 1.76.0.
SLF4J: No SLF4J providers were found.
SLF4J: Defaulting to no-operation (NOP) logger implementation
SLF4J: See https://www.slf4j.org/codes.html#noProviders for further details.
SLF4J: Class path contains SLF4J bindings targeting slf4j-api versions 1.7.x or earlier.
SLF4J: Ignoring binding found at [jar:file:/Users/devingessner/Library/Caches/Coursier/v1/https/repo1.maven.org/maven2/com/outr/scribe-slf4j_2.13/3.11.0/scribe-slf4j_2.13-3.11.0.jar!/org/slf4j/impl/StaticLoggerBinder.class]
SLF4J: See https://www.slf4j.org/codes.html#ignoredBindings for an explanation.
2023.03.03 08:47:20 INFO  time: initialize in 0.7s
2023.03.03 08:47:20 WARN  Build server is not auto-connectable.
2023.03.03 08:47:31 WARN  no build target for: /Users/devingessner/Library/CloudStorage/Dropbox/CSCI/CSCI 3155/Projects/project1_student/src/main/scala/edu/colorado/csci3155/project1/StackMachineEmulator.scala
2023.03.03 08:47:33 INFO  no build target found for /Users/devingessner/Library/CloudStorage/Dropbox/CSCI/CSCI 3155/Projects/project1_student/src/main/scala/edu/colorado/csci3155/project1/StackMachineEmulator.scala. Using presentation compiler with project's scala-library version: 3.2.2
2023.03.03 08:47:36 WARN  no build target for: /Users/devingessner/Library/CloudStorage/Dropbox/CSCI/CSCI 3155/Projects/project1_student/src/main/scala/edu/colorado/csci3155/project1/StackMachineCompiler.scala
2023.03.03 08:47:36 INFO  time: code lens generation in 3.85s
2023.03.03 08:47:40 WARN  no build target for: /Users/devingessner/Library/CloudStorage/Dropbox/CSCI/CSCI 3155/Projects/project1_student/src/main/scala/edu/colorado/csci3155/project1/Expr.scala
2023.03.03 08:47:41 WARN  no build target for: /Users/devingessner/Library/CloudStorage/Dropbox/CSCI/CSCI 3155/Projects/project1_student/src/main/scala/edu/colorado/csci3155/project1/Main.scala
2023.03.03 08:47:41 WARN  no build target for: /Users/devingessner/Library/CloudStorage/Dropbox/CSCI/CSCI 3155/Projects/project1_student/src/main/scala/edu/colorado/csci3155/project1/StackMachineCompiler.scala
2023.03.03 08:47:44 WARN  no build target for: /Users/devingessner/Library/CloudStorage/Dropbox/CSCI/CSCI 3155/Projects/project1_student/src/main/scala/edu/colorado/csci3155/project1/StackMachineEmulator.scala
2023.03.03 08:47:46 WARN  no build target for: /Users/devingessner/Library/CloudStorage/Dropbox/CSCI/CSCI 3155/Projects/project1_student/src/main/scala/edu/colorado/csci3155/project1/Value.scala
2023.03.03 08:47:58 WARN  no build target for: /Users/devingessner/Library/CloudStorage/Dropbox/CSCI/CSCI 3155/Projects/project1_student/build.sbt
2023.03.03 08:48:05 INFO  compilation cancelled
2023.03.03 08:48:27 WARN  no build target for: /Users/devingessner/Library/CloudStorage/Dropbox/CSCI/CSCI 3155/Projects/project1_student/build.sbt
2023.03.03 08:48:27 WARN  no build target for: /Users/devingessner/Library/CloudStorage/Dropbox/CSCI/CSCI 3155/Projects/project1_student/build.sbt
2023.03.03 08:48:28 WARN  no build target for: /Users/devingessner/Library/CloudStorage/Dropbox/CSCI/CSCI 3155/Projects/project1_student/build.sbt
2023.03.03 08:48:28 WARN  no build target for: /Users/devingessner/Library/CloudStorage/Dropbox/CSCI/CSCI 3155/Projects/project1_student/build.sbt
2023.03.03 08:49:02 WARN  no build target for: /Users/devingessner/Library/CloudStorage/Dropbox/CSCI/CSCI 3155/Projects/project1_student/src/test/scala/edu/colorado/csci3155/project1/CompilerTest.scala
2023.03.03 08:49:04 WARN  no build target for: /Users/devingessner/Library/CloudStorage/Dropbox/CSCI/CSCI 3155/Projects/project1_student/src/test/scala/edu/colorado/csci3155/project1/StackMachineTest.scala
2023.03.03 08:49:04 INFO  time: code lens generation in 1.08s
2023.03.03 08:49:05 WARN  no build target for: /Users/devingessner/Library/CloudStorage/Dropbox/CSCI/CSCI 3155/Projects/project1_student/src/main/scala/edu/colorado/csci3155/project1/Expr.scala
2023.03.03 08:49:05 WARN  no build target for: /Users/devingessner/Library/CloudStorage/Dropbox/CSCI/CSCI 3155/Projects/project1_student/src/main/scala/edu/colorado/csci3155/project1/Main.scala
2023.03.03 08:49:06 WARN  no build target for: /Users/devingessner/Library/CloudStorage/Dropbox/CSCI/CSCI 3155/Projects/project1_student/src/main/scala/edu/colorado/csci3155/project1/StackMachineCompiler.scala
2023.03.03 08:49:07 WARN  no build target for: /Users/devingessner/Library/CloudStorage/Dropbox/CSCI/CSCI 3155/Projects/project1_student/src/main/scala/edu/colorado/csci3155/project1/StackMachineEmulator.scala
2023.03.03 08:50:15 INFO  running '/Library/Internet Plug-Ins/JavaAppletPlugin.plugin/Contents/Home/bin/java -Djline.terminal=jline.UnsupportedTerminal -Dsbt.log.noformat=true -Dfile.encoding=UTF-8 -jar /var/folders/dc/1tphbqxx74q5nj8_xq4rkwxm0000gn/T/metals4696800311323558931/sbt-launch.jar -Dbloop.export-jar-classifiers=sources bloopInstall'
2023.03.03 08:50:15 ERROR [info] [launcher] getting org.scala-sbt sbt 1.3.13  (this may take some time)...
2023.03.03 08:50:15 WARN  no build target for: /Users/devingessner/Library/CloudStorage/Dropbox/CSCI/CSCI 3155/Projects/project1_student/project/project/metals.sbt
2023.03.03 08:50:15 INFO  skipping build import with status 'Started'
2023.03.03 08:50:21 ERROR [info] [launcher] getting Scala 2.12.10 (for sbt)...
2023.03.03 08:50:24 INFO  [info] welcome to sbt 1.3.13 (Oracle Corporation Java 1.8.0_341)
2023.03.03 08:50:26 INFO  [info] loading settings for project project1_student-build-build from metals.sbt ...
2023.03.03 08:50:26 INFO  [info] loading project definition from /Users/devingessner/Library/CloudStorage/Dropbox/CSCI/CSCI 3155/Projects/project1_student/project/project
2023.03.03 08:50:30 INFO  [info] loading settings for project project1_student-build from metals.sbt ...
2023.03.03 08:50:30 INFO  [info] loading project definition from /Users/devingessner/Library/CloudStorage/Dropbox/CSCI/CSCI 3155/Projects/project1_student/project
2023.03.03 08:50:33 INFO  [success] Generated .bloop/project1_student-build.json
2023.03.03 08:50:33 INFO  [success] Total time: 3 s, completed Mar 3, 2023 8:50:33 AM
2023.03.03 08:50:36 INFO  [info] loading settings for project project1_student from build.sbt ...
2023.03.03 08:50:36 INFO  [info] set current project to csci3155_s23_project1 (in build file:/Users/devingessner/Library/CloudStorage/Dropbox/CSCI/CSCI%203155/Projects/project1_student/)
2023.03.03 08:50:37 INFO  [success] Generated .bloop/project1_student-test.json
2023.03.03 08:50:37 INFO  [success] Generated .bloop/project1_student.json
2023.03.03 08:50:37 INFO  [success] Total time: 0 s, completed Mar 3, 2023 8:50:38 AM
2023.03.03 08:50:38 INFO  time: ran 'sbt bloopInstall' in 23s
2023.03.03 08:50:38 INFO  Attempting to connect to the build server...
2023.03.03 08:50:38 INFO  Bloop uses /Library/Internet Plug-Ins/JavaAppletPlugin.plugin/Contents/Home defined at /Users/devingessner/.bloop/bloop.json
2023.03.03 08:50:38 INFO  tracing is disabled for protocol BSP, to enable tracing of incoming and outgoing JSON messages create an empty file at /Users/devingessner/Library/CloudStorage/Dropbox/CSCI/CSCI 3155/Projects/project1_student/.metals/bsp.trace.json or /Users/devingessner/Library/Caches/org.scalameta.metals/bsp.trace.json
2023.03.03 08:50:38 INFO  Attempting to connect to the build server...
2023.03.03 08:50:38 INFO  Bloop uses /Library/Internet Plug-Ins/JavaAppletPlugin.plugin/Contents/Home defined at /Users/devingessner/.bloop/bloop.json
2023.03.03 08:50:38 INFO  tracing is disabled for protocol BSP, to enable tracing of incoming and outgoing JSON messages create an empty file at /Users/devingessner/Library/CloudStorage/Dropbox/CSCI/CSCI 3155/Projects/project1_student/project/.metals/bsp.trace.json or /Users/devingessner/Library/Caches/org.scalameta.metals/bsp.trace.json
2023.03.03 08:50:38 INFO  time: Connected to build server in 0.54s
2023.03.03 08:50:38 INFO  Connected to Build server: Bloop v1.5.6
2023.03.03 08:50:40 WARN  Could not find java sources in /Library/Internet Plug-Ins/JavaAppletPlugin.plugin/Contents/src.zip, /Library/Internet Plug-Ins/JavaAppletPlugin.plugin/Contents/lib/src.zip, /Library/Internet Plug-Ins/JavaAppletPlugin.plugin/Contents/Home/src.zip, /Library/Internet Plug-Ins/JavaAppletPlugin.plugin/Contents/Home/lib/src.zip. Java symbols will not be available.
2023.03.03 08:50:42 WARN  Could not find java sources in /Library/Internet Plug-Ins/JavaAppletPlugin.plugin/Contents/src.zip, /Library/Internet Plug-Ins/JavaAppletPlugin.plugin/Contents/lib/src.zip, /Library/Internet Plug-Ins/JavaAppletPlugin.plugin/Contents/Home/src.zip, /Library/Internet Plug-Ins/JavaAppletPlugin.plugin/Contents/Home/lib/src.zip. Java symbols will not be available.
2023.03.03 08:50:42 WARN  Could not find java sources in /Library/Internet Plug-Ins/JavaAppletPlugin.plugin/Contents/src.zip, /Library/Internet Plug-Ins/JavaAppletPlugin.plugin/Contents/lib/src.zip, /Library/Internet Plug-Ins/JavaAppletPlugin.plugin/Contents/Home/src.zip, /Library/Internet Plug-Ins/JavaAppletPlugin.plugin/Contents/Home/lib/src.zip. Java symbols will not be available.
2023.03.03 08:50:42 INFO  time: indexed workspace in 3.69s
2023.03.03 08:50:42 INFO  compiling project1_student (5 scala sources)
2023.03.03 08:50:53 INFO  compiling project1_student-test (2 scala sources)
2023.03.03 08:50:53 INFO  time: compiled project1_student in 11s
2023.03.03 08:50:56 INFO  time: compiled project1_student-test in 2.53s
2023.03.03 10:27:32 INFO  Shutting down server
2023.03.03 10:27:32 INFO  shutting down Metals
2023.03.03 10:27:32 INFO  Shut down connection with build server.
2023.03.03 10:27:32 INFO  Shut down connection with build server.
2023.03.03 10:27:32 INFO  Exiting server
2023.03.08 11:30:47 INFO  Started: Metals version 0.11.11 in workspace '/Users/devingessner/Library/CloudStorage/Dropbox/CSCI/CSCI 3155/Projects/project1_student' for client Visual Studio Code 1.76.0.
SLF4J: No SLF4J providers were found.
SLF4J: Defaulting to no-operation (NOP) logger implementation
SLF4J: See https://www.slf4j.org/codes.html#noProviders for further details.
SLF4J: Class path contains SLF4J bindings targeting slf4j-api versions 1.7.x or earlier.
SLF4J: Ignoring binding found at [jar:file:/Users/devingessner/Library/Caches/Coursier/v1/https/repo1.maven.org/maven2/com/outr/scribe-slf4j_2.13/3.11.0/scribe-slf4j_2.13-3.11.0.jar!/org/slf4j/impl/StaticLoggerBinder.class]
SLF4J: See https://www.slf4j.org/codes.html#ignoredBindings for an explanation.
2023.03.08 11:30:48 INFO  time: initialize in 0.83s
Mar 08, 2023 11:30:50 AM org.eclipse.lsp4j.jsonrpc.RemoteEndpoint handleCancellation
WARNING: Unmatched cancel notification for request id 1
Mar 08, 2023 11:30:50 AM org.eclipse.lsp4j.jsonrpc.RemoteEndpoint handleCancellation
WARNING: Unmatched cancel notification for request id 2
2023.03.08 11:30:50 INFO  Attempting to connect to the build server...
2023.03.08 11:30:50 INFO  skipping build import with status 'Installed'
2023.03.08 11:30:50 INFO  Bloop uses /Library/Internet Plug-Ins/JavaAppletPlugin.plugin/Contents/Home defined at /Users/devingessner/.bloop/bloop.json
2023.03.08 11:30:50 INFO  tracing is disabled for protocol BSP, to enable tracing of incoming and outgoing JSON messages create an empty file at /Users/devingessner/Library/CloudStorage/Dropbox/CSCI/CSCI 3155/Projects/project1_student/.metals/bsp.trace.json or /Users/devingessner/Library/Caches/org.scalameta.metals/bsp.trace.json
2023.03.08 11:30:50 INFO  Attempting to connect to the build server...
2023.03.08 11:30:50 INFO  Bloop uses /Library/Internet Plug-Ins/JavaAppletPlugin.plugin/Contents/Home defined at /Users/devingessner/.bloop/bloop.json
2023.03.08 11:30:51 INFO  tracing is disabled for protocol BSP, to enable tracing of incoming and outgoing JSON messages create an empty file at /Users/devingessner/Library/CloudStorage/Dropbox/CSCI/CSCI 3155/Projects/project1_student/project/.metals/bsp.trace.json or /Users/devingessner/Library/Caches/org.scalameta.metals/bsp.trace.json
2023.03.08 11:30:51 INFO  time: Connected to build server in 1.04s
2023.03.08 11:30:51 INFO  Connected to Build server: Bloop v1.5.6
2023.03.08 11:30:52 INFO  no build target found for /Users/devingessner/Library/CloudStorage/Dropbox/CSCI/CSCI 3155/Projects/project1_student/src/main/scala/edu/colorado/csci3155/project1/StackMachineEmulator.scala. Using presentation compiler with project's scala-library version: 3.2.2
2023.03.08 11:30:52 INFO  time: code lens generation in 2.7s
2023.03.08 11:30:52 INFO  time: Imported build in 0.16s
2023.03.08 11:30:54 WARN  Could not find java sources in /Library/Internet Plug-Ins/JavaAppletPlugin.plugin/Contents/src.zip, /Library/Internet Plug-Ins/JavaAppletPlugin.plugin/Contents/lib/src.zip, /Library/Internet Plug-Ins/JavaAppletPlugin.plugin/Contents/Home/src.zip, /Library/Internet Plug-Ins/JavaAppletPlugin.plugin/Contents/Home/lib/src.zip. Java symbols will not be available.
2023.03.08 11:30:54 WARN  Could not find java sources in /Library/Internet Plug-Ins/JavaAppletPlugin.plugin/Contents/src.zip, /Library/Internet Plug-Ins/JavaAppletPlugin.plugin/Contents/lib/src.zip, /Library/Internet Plug-Ins/JavaAppletPlugin.plugin/Contents/Home/src.zip, /Library/Internet Plug-Ins/JavaAppletPlugin.plugin/Contents/Home/lib/src.zip. Java symbols will not be available.
2023.03.08 11:30:54 WARN  Could not find java sources in /Library/Internet Plug-Ins/JavaAppletPlugin.plugin/Contents/src.zip, /Library/Internet Plug-Ins/JavaAppletPlugin.plugin/Contents/lib/src.zip, /Library/Internet Plug-Ins/JavaAppletPlugin.plugin/Contents/Home/src.zip, /Library/Internet Plug-Ins/JavaAppletPlugin.plugin/Contents/Home/lib/src.zip. Java symbols will not be available.
2023.03.08 11:30:54 INFO  time: indexed workspace in 2.11s
2023.03.08 11:31:59 WARN  no build target for: /Users/devingessner/Library/CloudStorage/Dropbox/CSCI/CSCI 3155/Projects/project1_student/project/metals.sbt
2023.03.08 11:32:34 WARN  no build target for: /Users/devingessner/Library/CloudStorage/Dropbox/CSCI/CSCI 3155/Projects/project1_student/project/metals.sbt
2023.03.08 11:37:45 INFO  Shutting down server
2023.03.08 11:37:45 INFO  shutting down Metals
2023.03.08 11:37:45 INFO  Shut down connection with build server.
2023.03.08 11:37:45 INFO  Shut down connection with build server.
2023.03.08 11:37:45 INFO  Exiting server
2023.03.14 09:27:45 INFO  Started: Metals version 0.11.11 in workspace '/Users/devingessner/Library/CloudStorage/Dropbox/CSCI/CSCI 3155/Projects/project1_student' for client Visual Studio Code 1.76.1.
SLF4J: No SLF4J providers were found.
SLF4J: Defaulting to no-operation (NOP) logger implementation
SLF4J: See https://www.slf4j.org/codes.html#noProviders for further details.
SLF4J: Class path contains SLF4J bindings targeting slf4j-api versions 1.7.x or earlier.
SLF4J: Ignoring binding found at [jar:file:/Users/devingessner/Library/Caches/Coursier/v1/https/repo1.maven.org/maven2/com/outr/scribe-slf4j_2.13/3.11.0/scribe-slf4j_2.13-3.11.0.jar!/org/slf4j/impl/StaticLoggerBinder.class]
SLF4J: See https://www.slf4j.org/codes.html#ignoredBindings for an explanation.
2023.03.14 09:27:47 INFO  time: initialize in 1.03s
2023.03.14 09:27:49 INFO  Attempting to connect to the build server...
2023.03.14 09:27:49 INFO  Bloop uses /Library/Internet Plug-Ins/JavaAppletPlugin.plugin/Contents/Home defined at /Users/devingessner/.bloop/bloop.json
2023.03.14 09:27:50 INFO  tracing is disabled for protocol BSP, to enable tracing of incoming and outgoing JSON messages create an empty file at /Users/devingessner/Library/CloudStorage/Dropbox/CSCI/CSCI 3155/Projects/project1_student/.metals/bsp.trace.json or /Users/devingessner/Library/Caches/org.scalameta.metals/bsp.trace.json
2023.03.14 09:27:50 INFO  Attempting to connect to the build server...
2023.03.14 09:27:50 INFO  Bloop uses /Library/Internet Plug-Ins/JavaAppletPlugin.plugin/Contents/Home defined at /Users/devingessner/.bloop/bloop.json
2023.03.14 09:27:50 INFO  tracing is disabled for protocol BSP, to enable tracing of incoming and outgoing JSON messages create an empty file at /Users/devingessner/Library/CloudStorage/Dropbox/CSCI/CSCI 3155/Projects/project1_student/project/.metals/bsp.trace.json or /Users/devingessner/Library/Caches/org.scalameta.metals/bsp.trace.json
2023.03.14 09:27:50 INFO  time: Connected to build server in 1.66s
2023.03.14 09:27:50 INFO  Connected to Build server: Bloop v1.5.6
2023.03.14 09:27:52 INFO  no build target found for /Users/devingessner/Library/CloudStorage/Dropbox/CSCI/CSCI 3155/Projects/project1_student/src/main/scala/edu/colorado/csci3155/project1/StackMachineEmulator.scala. Using presentation compiler with project's scala-library version: 3.2.2
2023.03.14 09:27:52 INFO  time: code lens generation in 3.71s
2023.03.14 09:27:53 INFO  time: Imported build in 0.15s
2023.03.14 09:27:55 WARN  Could not find java sources in /Library/Internet Plug-Ins/JavaAppletPlugin.plugin/Contents/src.zip, /Library/Internet Plug-Ins/JavaAppletPlugin.plugin/Contents/lib/src.zip, /Library/Internet Plug-Ins/JavaAppletPlugin.plugin/Contents/Home/src.zip, /Library/Internet Plug-Ins/JavaAppletPlugin.plugin/Contents/Home/lib/src.zip. Java symbols will not be available.
2023.03.14 09:27:55 WARN  Could not find java sources in /Library/Internet Plug-Ins/JavaAppletPlugin.plugin/Contents/src.zip, /Library/Internet Plug-Ins/JavaAppletPlugin.plugin/Contents/lib/src.zip, /Library/Internet Plug-Ins/JavaAppletPlugin.plugin/Contents/Home/src.zip, /Library/Internet Plug-Ins/JavaAppletPlugin.plugin/Contents/Home/lib/src.zip. Java symbols will not be available.
2023.03.14 09:27:55 WARN  Could not find java sources in /Library/Internet Plug-Ins/JavaAppletPlugin.plugin/Contents/src.zip, /Library/Internet Plug-Ins/JavaAppletPlugin.plugin/Contents/lib/src.zip, /Library/Internet Plug-Ins/JavaAppletPlugin.plugin/Contents/Home/src.zip, /Library/Internet Plug-Ins/JavaAppletPlugin.plugin/Contents/Home/lib/src.zip. Java symbols will not be available.
2023.03.14 09:27:55 INFO  time: indexed workspace in 2.32s
2023.03.14 09:27:56 INFO  compiling project1_student (1 scala source)
2023.03.14 09:28:06 INFO  time: compiled project1_student in 10s
2023.03.14 09:34:45 INFO  compiling project1_student (1 scala source)
2023.03.14 09:34:48 INFO  time: compiled project1_student in 3.69s
2023.03.14 09:34:51 INFO  compiling project1_student (1 scala source)
2023.03.14 09:34:54 INFO  time: compiled project1_student in 3.33s
2023.03.14 09:35:10 INFO  compiling project1_student (1 scala source)
2023.03.14 09:35:13 INFO  time: compiled project1_student in 2.56s
Mar 14, 2023 9:35:33 AM org.eclipse.lsp4j.jsonrpc.RemoteEndpoint handleCancellation
WARNING: Unmatched cancel notification for request id 344
2023.03.14 09:35:41 INFO  compiling project1_student (1 scala source)
2023.03.14 09:35:43 INFO  time: compiled project1_student in 2.58s
2023.03.14 09:36:17 INFO  compiling project1_student (1 scala source)
2023.03.14 09:36:19 INFO  time: compiled project1_student in 2.14s
2023.03.14 12:01:35 INFO  time: code lens generation in 1.76s
2023.03.14 12:01:36 INFO  compiling project1_student (1 scala source)
2023.03.14 12:01:40 INFO  time: compiled project1_student in 3.62s
Mar 14, 2023 12:02:34 PM org.eclipse.lsp4j.jsonrpc.RemoteEndpoint fallbackResponseError
SEVERE: Internal error: java.lang.ArrayIndexOutOfBoundsException: 2570
java.util.concurrent.CompletionException: java.lang.ArrayIndexOutOfBoundsException: 2570
	at java.util.concurrent.CompletableFuture.encodeThrowable(CompletableFuture.java:292)
	at java.util.concurrent.CompletableFuture.completeThrowable(CompletableFuture.java:308)
	at java.util.concurrent.CompletableFuture.uniAccept(CompletableFuture.java:661)
	at java.util.concurrent.CompletableFuture$UniAccept.tryFire(CompletableFuture.java:646)
	at java.util.concurrent.CompletableFuture.postComplete(CompletableFuture.java:488)
	at java.util.concurrent.CompletableFuture.completeExceptionally(CompletableFuture.java:1990)
	at scala.meta.internal.metals.CancelTokens$.$anonfun$future$1(CancelTokens.scala:40)
	at scala.meta.internal.metals.CancelTokens$.$anonfun$future$1$adapted(CancelTokens.scala:38)
	at scala.concurrent.impl.Promise$Transformation.run(Promise.scala:484)
	at java.util.concurrent.ThreadPoolExecutor.runWorker(ThreadPoolExecutor.java:1149)
	at java.util.concurrent.ThreadPoolExecutor$Worker.run(ThreadPoolExecutor.java:624)
	at java.lang.Thread.run(Thread.java:750)
Caused by: java.lang.ArrayIndexOutOfBoundsException: 2570
	at scala.meta.tokens.Tokens.apply(Tokens.scala:34)
	at scala.meta.internal.parsers.ScannerTokens.apply(ScannerTokens.scala:38)
	at scala.meta.internal.parsers.LazyTokenIterator.nextToken(LazyTokenIterator.scala:202)
	at scala.meta.internal.parsers.LazyTokenIterator.next(LazyTokenIterator.scala:63)
	at scala.meta.internal.parsers.ScalametaParser.next(ScalametaParser.scala:185)
	at scala.meta.internal.parsers.ScalametaParser.scala$meta$internal$parsers$ScalametaParser$$next(ScalametaParser.scala:228)
	at scala.meta.internal.parsers.ScalametaParser.ahead(ScalametaParser.scala:201)
	at scala.meta.internal.parsers.ScalametaParser.iter$3(ScalametaParser.scala:2451)
	at scala.meta.internal.parsers.ScalametaParser.caseClausesIfAny(ScalametaParser.scala:2456)
	at scala.meta.internal.parsers.ScalametaParser.caseClauses(ScalametaParser.scala:2433)
	at scala.meta.internal.parsers.ScalametaParser.matchClause(ScalametaParser.scala:1474)
	at scala.meta.internal.parsers.ScalametaParser.exprOtherRest(ScalametaParser.scala:1676)
	at scala.meta.internal.parsers.ScalametaParser.$anonfun$expr$2(ScalametaParser.scala:1632)
	at scala.meta.internal.parsers.ScalametaParser.atPosOpt(ScalametaParser.scala:330)
	at scala.meta.internal.parsers.ScalametaParser.autoPosOpt(ScalametaParser.scala:380)
	at scala.meta.internal.parsers.ScalametaParser.expr(ScalametaParser.scala:1532)
	at scala.meta.internal.parsers.ScalametaParser.$anonfun$blockStatSeq$3(ScalametaParser.scala:4388)
	at scala.meta.internal.parsers.ScalametaParser.stat(ScalametaParser.scala:4244)
	at scala.meta.internal.parsers.ScalametaParser.$anonfun$blockStatSeq$1(ScalametaParser.scala:4388)
	at scala.meta.internal.parsers.ScalametaParser.$anonfun$blockStatSeq$1$adapted(ScalametaParser.scala:4370)
	at scala.meta.internal.parsers.ScalametaParser.scala$meta$internal$parsers$ScalametaParser$$listBy(ScalametaParser.scala:541)
	at scala.meta.internal.parsers.ScalametaParser.blockStatSeq(ScalametaParser.scala:4370)
	at scala.meta.internal.parsers.ScalametaParser.blockWithStats$1(ScalametaParser.scala:2394)
	at scala.meta.internal.parsers.ScalametaParser.$anonfun$block$1(ScalametaParser.scala:2396)
	at scala.meta.internal.parsers.ScalametaParser.atPos(ScalametaParser.scala:327)
	at scala.meta.internal.parsers.ScalametaParser.autoPos(ScalametaParser.scala:379)
	at scala.meta.internal.parsers.ScalametaParser.block(ScalametaParser.scala:2393)
	at scala.meta.internal.parsers.ScalametaParser.blockExpr(ScalametaParser.scala:2390)
	at scala.meta.internal.parsers.ScalametaParser.simpleExpr0(ScalametaParser.scala:2132)
	at scala.meta.internal.parsers.ScalametaParser.simpleExpr(ScalametaParser.scala:2103)
	at scala.meta.internal.parsers.ScalametaParser.prefixExpr(ScalametaParser.scala:2086)
	at scala.meta.internal.parsers.ScalametaParser.postfixExpr(ScalametaParser.scala:2005)
	at scala.meta.internal.parsers.ScalametaParser.$anonfun$expr$2(ScalametaParser.scala:1631)
	at scala.meta.internal.parsers.ScalametaParser.atPosOpt(ScalametaParser.scala:330)
	at scala.meta.internal.parsers.ScalametaParser.autoPosOpt(ScalametaParser.scala:380)
	at scala.meta.internal.parsers.ScalametaParser.expr(ScalametaParser.scala:1532)
	at scala.meta.internal.parsers.ScalametaParser.expr(ScalametaParser.scala:1419)
	at scala.meta.internal.parsers.ScalametaParser.exprMaybeIndented(ScalametaParser.scala:1443)
	at scala.meta.internal.parsers.ScalametaParser.$anonfun$funDefRest$1(ScalametaParser.scala:3646)
	at scala.meta.internal.parsers.ScalametaParser.autoEndPos(ScalametaParser.scala:382)
	at scala.meta.internal.parsers.ScalametaParser.autoEndPos(ScalametaParser.scala:387)
	at scala.meta.internal.parsers.ScalametaParser.funDefRest(ScalametaParser.scala:3612)
	at scala.meta.internal.parsers.ScalametaParser.funDefOrDclOrExtensionOrSecondaryCtor(ScalametaParser.scala:3556)
	at scala.meta.internal.parsers.ScalametaParser.defOrDclOrSecondaryCtor(ScalametaParser.scala:3378)
	at scala.meta.internal.parsers.ScalametaParser.nonLocalDefOrDcl(ScalametaParser.scala:3357)
	at scala.meta.internal.parsers.ScalametaParser$$anonfun$templateStat$1.applyOrElse(ScalametaParser.scala:4317)
	at scala.meta.internal.parsers.ScalametaParser$$anonfun$templateStat$1.applyOrElse(ScalametaParser.scala:4311)
	at scala.PartialFunction.$anonfun$runWith$1(PartialFunction.scala:231)
	at scala.PartialFunction.$anonfun$runWith$1$adapted(PartialFunction.scala:230)
	at scala.meta.internal.parsers.ScalametaParser.statSeqBuf(ScalametaParser.scala:4263)
	at scala.meta.internal.parsers.ScalametaParser.$anonfun$templateStatSeq$1(ScalametaParser.scala:4303)
	at scala.meta.internal.parsers.ScalametaParser.$anonfun$templateStatSeq$1$adapted(ScalametaParser.scala:4302)
	at scala.meta.internal.parsers.ScalametaParser.scala$meta$internal$parsers$ScalametaParser$$listBy(ScalametaParser.scala:541)
	at scala.meta.internal.parsers.ScalametaParser.templateStatSeq(ScalametaParser.scala:4302)
	at scala.meta.internal.parsers.ScalametaParser.$anonfun$templateBody$1(ScalametaParser.scala:4151)
	at scala.meta.internal.parsers.ScalametaParser.inBracesOr(ScalametaParser.scala:262)
	at scala.meta.internal.parsers.ScalametaParser.inBraces(ScalametaParser.scala:258)
	at scala.meta.internal.parsers.ScalametaParser.templateBody(ScalametaParser.scala:4151)
	at scala.meta.internal.parsers.ScalametaParser.templateBodyOpt(ScalametaParser.scala:4159)
	at scala.meta.internal.parsers.ScalametaParser.$anonfun$templateOpt$1(ScalametaParser.scala:4140)
	at scala.meta.internal.parsers.ScalametaParser.atPos(ScalametaParser.scala:327)
	at scala.meta.internal.parsers.ScalametaParser.autoPos(ScalametaParser.scala:379)
	at scala.meta.internal.parsers.ScalametaParser.templateOpt(ScalametaParser.scala:4114)
	at scala.meta.internal.parsers.ScalametaParser.$anonfun$objectDef$1(ScalametaParser.scala:3847)
	at scala.meta.internal.parsers.ScalametaParser.autoEndPos(ScalametaParser.scala:382)
	at scala.meta.internal.parsers.ScalametaParser.autoEndPos(ScalametaParser.scala:387)
	at scala.meta.internal.parsers.ScalametaParser.objectDef(ScalametaParser.scala:3839)
	at scala.meta.internal.parsers.ScalametaParser.tmplDef(ScalametaParser.scala:3715)
	at scala.meta.internal.parsers.ScalametaParser.topLevelTmplDef(ScalametaParser.scala:3696)
	at scala.meta.internal.parsers.ScalametaParser$$anonfun$2.applyOrElse(ScalametaParser.scala:4282)
	at scala.meta.internal.parsers.ScalametaParser$$anonfun$2.applyOrElse(ScalametaParser.scala:4270)
	at scala.PartialFunction.$anonfun$runWith$1(PartialFunction.scala:231)
	at scala.PartialFunction.$anonfun$runWith$1$adapted(PartialFunction.scala:230)
	at scala.meta.internal.parsers.ScalametaParser.statSeqBuf(ScalametaParser.scala:4263)
	at scala.meta.internal.parsers.ScalametaParser.bracelessPackageStats$1(ScalametaParser.scala:4461)
	at scala.meta.internal.parsers.ScalametaParser.$anonfun$batchSource$12(ScalametaParser.scala:4474)
	at scala.meta.internal.parsers.ScalametaParser.autoEndPos(ScalametaParser.scala:382)
	at scala.meta.internal.parsers.ScalametaParser.$anonfun$batchSource$11(ScalametaParser.scala:4474)
	at scala.Option.map(Option.scala:242)
	at scala.meta.internal.parsers.ScalametaParser.$anonfun$batchSource$1(ScalametaParser.scala:4474)
	at scala.meta.internal.parsers.ScalametaParser.atPos(ScalametaParser.scala:327)
	at scala.meta.internal.parsers.ScalametaParser.autoPos(ScalametaParser.scala:379)
	at scala.meta.internal.parsers.ScalametaParser.batchSource(ScalametaParser.scala:4431)
	at scala.meta.internal.parsers.ScalametaParser.$anonfun$source$1(ScalametaParser.scala:4424)
	at scala.meta.internal.parsers.ScalametaParser.atPos(ScalametaParser.scala:327)
	at scala.meta.internal.parsers.ScalametaParser.autoPos(ScalametaParser.scala:379)
	at scala.meta.internal.parsers.ScalametaParser.source(ScalametaParser.scala:4424)
	at scala.meta.internal.parsers.ScalametaParser.entrypointSource(ScalametaParser.scala:4429)
	at scala.meta.internal.parsers.ScalametaParser.parseSourceImpl(ScalametaParser.scala:129)
	at scala.meta.internal.parsers.ScalametaParser.$anonfun$parseSource$1(ScalametaParser.scala:126)
	at scala.meta.internal.parsers.ScalametaParser.parseRuleAfterBOF(ScalametaParser.scala:53)
	at scala.meta.internal.parsers.ScalametaParser.parseRule(ScalametaParser.scala:48)
	at scala.meta.internal.parsers.ScalametaParser.parseSource(ScalametaParser.scala:126)
	at scala.meta.parsers.Parse$.$anonfun$parseSource$1(Parse.scala:29)
	at scala.meta.parsers.Parse$$anon$1.apply(Parse.scala:36)
	at scala.meta.parsers.Api$XtensionParseDialectInput.parse(Api.scala:25)
	at scala.meta.internal.parsing.Trees.$anonfun$parse$2(Trees.scala:139)
	at scala.Option.map(Option.scala:242)
	at scala.meta.internal.parsing.Trees.parse(Trees.scala:132)
	at scala.meta.internal.parsing.Trees.didChange(Trees.scala:102)
	at scala.meta.internal.metals.MetalsLspService.$anonfun$parseTreesAndPublishDiags$2(MetalsLspService.scala:843)
	at scala.runtime.java8.JFunction0$mcV$sp.apply(JFunction0$mcV$sp.scala:18)
	at scala.concurrent.Future$.$anonfun$apply$1(Future.scala:678)
	at scala.concurrent.impl.Promise$Transformation.run(Promise.scala:467)
	... 3 more

Mar 14, 2023 12:02:47 PM org.eclipse.lsp4j.jsonrpc.RemoteEndpoint fallbackResponseError
SEVERE: Internal error: java.lang.ArrayIndexOutOfBoundsException
java.util.concurrent.CompletionException: java.lang.ArrayIndexOutOfBoundsException
	at java.util.concurrent.CompletableFuture.encodeThrowable(CompletableFuture.java:292)
	at java.util.concurrent.CompletableFuture.completeThrowable(CompletableFuture.java:308)
	at java.util.concurrent.CompletableFuture.uniAccept(CompletableFuture.java:661)
	at java.util.concurrent.CompletableFuture$UniAccept.tryFire(CompletableFuture.java:646)
	at java.util.concurrent.CompletableFuture.postComplete(CompletableFuture.java:488)
	at java.util.concurrent.CompletableFuture.completeExceptionally(CompletableFuture.java:1990)
	at scala.meta.internal.metals.CancelTokens$.$anonfun$future$1(CancelTokens.scala:40)
	at scala.meta.internal.metals.CancelTokens$.$anonfun$future$1$adapted(CancelTokens.scala:38)
	at scala.concurrent.impl.Promise$Transformation.run(Promise.scala:484)
	at java.util.concurrent.ThreadPoolExecutor.runWorker(ThreadPoolExecutor.java:1149)
	at java.util.concurrent.ThreadPoolExecutor$Worker.run(ThreadPoolExecutor.java:624)
	at java.lang.Thread.run(Thread.java:750)
Caused by: java.lang.ArrayIndexOutOfBoundsException

2023.03.14 12:05:13 INFO  compiling project1_student (1 scala source)
2023.03.14 12:05:17 INFO  time: compiled project1_student in 3.09s
2023.03.14 12:07:37 INFO  compiling project1_student (1 scala source)
2023.03.14 12:07:38 INFO  time: compiled project1_student in 1.06s
2023.03.14 12:08:16 INFO  compiling project1_student (1 scala source)
2023.03.14 12:08:16 INFO  time: compiled project1_student in 0.5s
2023.03.14 12:08:25 INFO  compiling project1_student (1 scala source)
2023.03.14 12:08:25 INFO  time: compiled project1_student in 0.43s
2023.03.14 12:08:43 INFO  compiling project1_student (1 scala source)
2023.03.14 12:08:43 INFO  time: compiled project1_student in 0.35s
2023.03.14 12:08:49 INFO  compiling project1_student (1 scala source)
2023.03.14 12:08:49 INFO  time: compiled project1_student in 0.47s
2023.03.14 12:09:01 INFO  compiling project1_student (1 scala source)
2023.03.14 12:09:01 INFO  time: compiled project1_student in 0.45s
2023.03.14 12:09:31 INFO  compiling project1_student (1 scala source)
2023.03.14 12:09:31 INFO  time: compiled project1_student in 0.67s
2023.03.14 12:10:33 INFO  compiling project1_student (1 scala source)
2023.03.14 12:10:33 INFO  time: compiled project1_student in 0.36s
2023.03.14 12:10:40 INFO  compiling project1_student (1 scala source)
2023.03.14 12:10:40 INFO  time: compiled project1_student in 0.91s
2023.03.14 12:12:52 INFO  compiling project1_student (1 scala source)
2023.03.14 12:12:52 INFO  time: compiled project1_student in 0.76s
2023.03.14 12:12:53 INFO  compiling project1_student (1 scala source)
2023.03.14 12:12:53 INFO  time: compiled project1_student in 0.42s
2023.03.14 12:15:21 INFO  file:///Users/devingessner/Library/CloudStorage/Dropbox/CSCI/CSCI%203155/Projects/project1_student/src/main/scala/edu/colorado/csci3155/project1/StackMachineEmulator.scala:66:38: stale bloop error: not found: value NumValue
                case PushNumI(f) => (NumValue(f) :: stack, env)
                                     ^^^^^^^^
2023.03.14 12:15:21 INFO  file:///Users/devingessner/Library/CloudStorage/Dropbox/CSCI/CSCI%203155/Projects/project1_student/src/main/scala/edu/colorado/csci3155/project1/StackMachineEmulator.scala:67:39: stale bloop error: not found: value BoolValue
                case PushBoolI(b) => (BoolValue(b) :: stack, env)
                                      ^^^^^^^^^
2023.03.14 12:15:21 INFO  file:///Users/devingessner/Library/CloudStorage/Dropbox/CSCI/CSCI%203155/Projects/project1_student/src/main/scala/edu/colorado/csci3155/project1/StackMachineEmulator.scala:70:22: stale bloop error: value add is not a member of edu.colorado.csci3155.project1.Value
                    (value1.add(value2) :: newStack, env)
                     ^^^^^^^^^^
2023.03.14 12:15:21 INFO  file:///Users/devingessner/Library/CloudStorage/Dropbox/CSCI/CSCI%203155/Projects/project1_student/src/main/scala/edu/colorado/csci3155/project1/StackMachineEmulator.scala:73:22: stale bloop error: value sub is not a member of edu.colorado.csci3155.project1.Value
                    (value1.sub(value2) :: newStack, env)
                     ^^^^^^^^^^
2023.03.14 12:15:21 INFO  file:///Users/devingessner/Library/CloudStorage/Dropbox/CSCI/CSCI%203155/Projects/project1_student/src/main/scala/edu/colorado/csci3155/project1/StackMachineEmulator.scala:76:22: stale bloop error: value mult is not a member of edu.colorado.csci3155.project1.Value
                    (value1.mult(value2) :: newStack, env)
                     ^^^^^^^^^^^
2023.03.14 12:15:21 INFO  file:///Users/devingessner/Library/CloudStorage/Dropbox/CSCI/CSCI%203155/Projects/project1_student/src/main/scala/edu/colorado/csci3155/project1/StackMachineEmulator.scala:79:22: stale bloop error: value div is not a member of edu.colorado.csci3155.project1.Value
                    (value1.div(value2) :: newStack, env)
                     ^^^^^^^^^^
2023.03.14 12:15:21 INFO  file:///Users/devingessner/Library/CloudStorage/Dropbox/CSCI/CSCI%203155/Projects/project1_student/src/main/scala/edu/colorado/csci3155/project1/StackMachineEmulator.scala:82:22: stale bloop error: value exp is not a member of edu.colorado.csci3155.project1.Value
                    (value.exp() :: newStack, env)
                     ^^^^^^^^^
2023.03.14 12:15:21 INFO  file:///Users/devingessner/Library/CloudStorage/Dropbox/CSCI/CSCI%203155/Projects/project1_student/src/main/scala/edu/colorado/csci3155/project1/StackMachineEmulator.scala:85:22: stale bloop error: value log is not a member of edu.colorado.csci3155.project1.Value
                    (value.log() :: newStack, env)
                     ^^^^^^^^^
2023.03.14 12:15:21 INFO  file:///Users/devingessner/Library/CloudStorage/Dropbox/CSCI/CSCI%203155/Projects/project1_student/src/main/scala/edu/colorado/csci3155/project1/StackMachineEmulator.scala:88:22: stale bloop error: value sin is not a member of edu.colorado.csci3155.project1.Value
                    (value.sin() :: newStack, env)
                     ^^^^^^^^^
2023.03.14 12:15:21 INFO  file:///Users/devingessner/Library/CloudStorage/Dropbox/CSCI/CSCI%203155/Projects/project1_student/src/main/scala/edu/colorado/csci3155/project1/StackMachineEmulator.scala:91:22: stale bloop error: value cos is not a member of edu.colorado.csci3155.project1.Value
                    (value.cos() :: newStack, env)
                     ^^^^^^^^^
2023.03.14 12:15:21 INFO  file:///Users/devingessner/Library/CloudStorage/Dropbox/CSCI/CSCI%203155/Projects/project1_student/src/main/scala/edu/colorado/csci3155/project1/StackMachineEmulator.scala:94:22: stale bloop error: value geq is not a member of edu.colorado.csci3155.project1.Value
                    (value1.geq(value2) :: newStack, env)
                     ^^^^^^^^^^
2023.03.14 12:15:21 INFO  file:///Users/devingessner/Library/CloudStorage/Dropbox/CSCI/CSCI%203155/Projects/project1_student/src/main/scala/edu/colorado/csci3155/project1/StackMachineEmulator.scala:97:40: stale bloop error: type mismatch;
 found   : Boolean
 required: edu.colorado.csci3155.project1.Value
                    (value1.eq(value2) :: newStack, env)
                                       ^
2023.03.14 12:15:21 INFO  file:///Users/devingessner/Library/CloudStorage/Dropbox/CSCI/CSCI%203155/Projects/project1_student/src/main/scala/edu/colorado/csci3155/project1/StackMachineEmulator.scala:100:22: stale bloop error: value not is not a member of edu.colorado.csci3155.project1.Value
                    (value.not() :: newStack, env)
                     ^^^^^^^^^
2023.03.14 12:15:21 INFO  file:///Users/devingessner/Library/CloudStorage/Dropbox/CSCI/CSCI%203155/Projects/project1_student/src/main/scala/edu/colorado/csci3155/project1/StackMachineEmulator.scala:66:38: stale bloop error: not found: value NumValue
                case PushNumI(f) => (NumValue(f) :: stack, env)
                                     ^^^^^^^^
2023.03.14 12:15:21 INFO  file:///Users/devingessner/Library/CloudStorage/Dropbox/CSCI/CSCI%203155/Projects/project1_student/src/main/scala/edu/colorado/csci3155/project1/StackMachineEmulator.scala:67:39: stale bloop error: not found: value BoolValue
                case PushBoolI(b) => (BoolValue(b) :: stack, env)
                                      ^^^^^^^^^
2023.03.14 12:15:21 INFO  file:///Users/devingessner/Library/CloudStorage/Dropbox/CSCI/CSCI%203155/Projects/project1_student/src/main/scala/edu/colorado/csci3155/project1/StackMachineEmulator.scala:70:22: stale bloop error: value add is not a member of edu.colorado.csci3155.project1.Value
                    (value1.add(value2) :: newStack, env)
                     ^^^^^^^^^^
2023.03.14 12:15:21 INFO  file:///Users/devingessner/Library/CloudStorage/Dropbox/CSCI/CSCI%203155/Projects/project1_student/src/main/scala/edu/colorado/csci3155/project1/StackMachineEmulator.scala:73:22: stale bloop error: value sub is not a member of edu.colorado.csci3155.project1.Value
                    (value1.sub(value2) :: newStack, env)
                     ^^^^^^^^^^
2023.03.14 12:15:21 INFO  file:///Users/devingessner/Library/CloudStorage/Dropbox/CSCI/CSCI%203155/Projects/project1_student/src/main/scala/edu/colorado/csci3155/project1/StackMachineEmulator.scala:76:22: stale bloop error: value mult is not a member of edu.colorado.csci3155.project1.Value
                    (value1.mult(value2) :: newStack, env)
                     ^^^^^^^^^^^
2023.03.14 12:15:21 INFO  file:///Users/devingessner/Library/CloudStorage/Dropbox/CSCI/CSCI%203155/Projects/project1_student/src/main/scala/edu/colorado/csci3155/project1/StackMachineEmulator.scala:79:22: stale bloop error: value div is not a member of edu.colorado.csci3155.project1.Value
                    (value1.div(value2) :: newStack, env)
                     ^^^^^^^^^^
2023.03.14 12:15:21 INFO  file:///Users/devingessner/Library/CloudStorage/Dropbox/CSCI/CSCI%203155/Projects/project1_student/src/main/scala/edu/colorado/csci3155/project1/StackMachineEmulator.scala:82:22: stale bloop error: value exp is not a member of edu.colorado.csci3155.project1.Value
                    (value.exp() :: newStack, env)
                     ^^^^^^^^^
2023.03.14 12:15:21 INFO  file:///Users/devingessner/Library/CloudStorage/Dropbox/CSCI/CSCI%203155/Projects/project1_student/src/main/scala/edu/colorado/csci3155/project1/StackMachineEmulator.scala:85:22: stale bloop error: value log is not a member of edu.colorado.csci3155.project1.Value
                    (value.log() :: newStack, env)
                     ^^^^^^^^^
2023.03.14 12:15:21 INFO  file:///Users/devingessner/Library/CloudStorage/Dropbox/CSCI/CSCI%203155/Projects/project1_student/src/main/scala/edu/colorado/csci3155/project1/StackMachineEmulator.scala:88:22: stale bloop error: value sin is not a member of edu.colorado.csci3155.project1.Value
                    (value.sin() :: newStack, env)
                     ^^^^^^^^^
2023.03.14 12:15:21 INFO  file:///Users/devingessner/Library/CloudStorage/Dropbox/CSCI/CSCI%203155/Projects/project1_student/src/main/scala/edu/colorado/csci3155/project1/StackMachineEmulator.scala:91:22: stale bloop error: value cos is not a member of edu.colorado.csci3155.project1.Value
                    (value.cos() :: newStack, env)
                     ^^^^^^^^^
2023.03.14 12:15:21 INFO  file:///Users/devingessner/Library/CloudStorage/Dropbox/CSCI/CSCI%203155/Projects/project1_student/src/main/scala/edu/colorado/csci3155/project1/StackMachineEmulator.scala:94:22: stale bloop error: value geq is not a member of edu.colorado.csci3155.project1.Value
                    (value1.geq(value2) :: newStack, env)
                     ^^^^^^^^^^
2023.03.14 12:15:21 INFO  file:///Users/devingessner/Library/CloudStorage/Dropbox/CSCI/CSCI%203155/Projects/project1_student/src/main/scala/edu/colorado/csci3155/project1/StackMachineEmulator.scala:97:40: stale bloop error: type mismatch;
 found   : Boolean
 required: edu.colorado.csci3155.project1.Value
                    (value1.eq(value2) :: newStack, env)
                                       ^
2023.03.14 12:15:21 INFO  file:///Users/devingessner/Library/CloudStorage/Dropbox/CSCI/CSCI%203155/Projects/project1_student/src/main/scala/edu/colorado/csci3155/project1/StackMachineEmulator.scala:100:22: stale bloop error: value not is not a member of edu.colorado.csci3155.project1.Value
                    (value.not() :: newStack, env)
                     ^^^^^^^^^
2023.03.14 12:15:30 INFO  file:///Users/devingessner/Library/CloudStorage/Dropbox/CSCI/CSCI%203155/Projects/project1_student/src/main/scala/edu/colorado/csci3155/project1/StackMachineEmulator.scala:66:38: stale bloop error: not found: value NumValue
                case PushNumI(f) => (NumValue(f) :: stack, env)
                                     ^^^^^^^^
2023.03.14 12:15:30 INFO  file:///Users/devingessner/Library/CloudStorage/Dropbox/CSCI/CSCI%203155/Projects/project1_student/src/main/scala/edu/colorado/csci3155/project1/StackMachineEmulator.scala:67:39: stale bloop error: not found: value BoolValue
                case PushBoolI(b) => (BoolValue(b) :: stack, env)
                                      ^^^^^^^^^
2023.03.14 12:15:30 INFO  file:///Users/devingessner/Library/CloudStorage/Dropbox/CSCI/CSCI%203155/Projects/project1_student/src/main/scala/edu/colorado/csci3155/project1/StackMachineEmulator.scala:70:22: stale bloop error: value add is not a member of edu.colorado.csci3155.project1.Value
                    (value1.add(value2) :: newStack, env)
                     ^^^^^^^^^^
2023.03.14 12:15:30 INFO  file:///Users/devingessner/Library/CloudStorage/Dropbox/CSCI/CSCI%203155/Projects/project1_student/src/main/scala/edu/colorado/csci3155/project1/StackMachineEmulator.scala:73:22: stale bloop error: value sub is not a member of edu.colorado.csci3155.project1.Value
                    (value1.sub(value2) :: newStack, env)
                     ^^^^^^^^^^
2023.03.14 12:15:30 INFO  file:///Users/devingessner/Library/CloudStorage/Dropbox/CSCI/CSCI%203155/Projects/project1_student/src/main/scala/edu/colorado/csci3155/project1/StackMachineEmulator.scala:76:22: stale bloop error: value mult is not a member of edu.colorado.csci3155.project1.Value
                    (value1.mult(value2) :: newStack, env)
                     ^^^^^^^^^^^
2023.03.14 12:15:30 INFO  file:///Users/devingessner/Library/CloudStorage/Dropbox/CSCI/CSCI%203155/Projects/project1_student/src/main/scala/edu/colorado/csci3155/project1/StackMachineEmulator.scala:79:22: stale bloop error: value div is not a member of edu.colorado.csci3155.project1.Value
                    (value1.div(value2) :: newStack, env)
                     ^^^^^^^^^^
2023.03.14 12:15:30 INFO  file:///Users/devingessner/Library/CloudStorage/Dropbox/CSCI/CSCI%203155/Projects/project1_student/src/main/scala/edu/colorado/csci3155/project1/StackMachineEmulator.scala:82:22: stale bloop error: value exp is not a member of edu.colorado.csci3155.project1.Value
                    (value.exp() :: newStack, env)
                     ^^^^^^^^^
2023.03.14 12:15:30 INFO  file:///Users/devingessner/Library/CloudStorage/Dropbox/CSCI/CSCI%203155/Projects/project1_student/src/main/scala/edu/colorado/csci3155/project1/StackMachineEmulator.scala:85:22: stale bloop error: value log is not a member of edu.colorado.csci3155.project1.Value
                    (value.log() :: newStack, env)
                     ^^^^^^^^^
2023.03.14 12:15:30 INFO  file:///Users/devingessner/Library/CloudStorage/Dropbox/CSCI/CSCI%203155/Projects/project1_student/src/main/scala/edu/colorado/csci3155/project1/StackMachineEmulator.scala:88:22: stale bloop error: value sin is not a member of edu.colorado.csci3155.project1.Value
                    (value.sin() :: newStack, env)
                     ^^^^^^^^^
2023.03.14 12:15:30 INFO  file:///Users/devingessner/Library/CloudStorage/Dropbox/CSCI/CSCI%203155/Projects/project1_student/src/main/scala/edu/colorado/csci3155/project1/StackMachineEmulator.scala:91:22: stale bloop error: value cos is not a member of edu.colorado.csci3155.project1.Value
                    (value.cos() :: newStack, env)
                     ^^^^^^^^^
2023.03.14 12:15:30 INFO  file:///Users/devingessner/Library/CloudStorage/Dropbox/CSCI/CSCI%203155/Projects/project1_student/src/main/scala/edu/colorado/csci3155/project1/StackMachineEmulator.scala:94:22: stale bloop error: value geq is not a member of edu.colorado.csci3155.project1.Value
                    (value1.geq(value2) :: newStack, env)
                     ^^^^^^^^^^
2023.03.14 12:15:30 INFO  file:///Users/devingessner/Library/CloudStorage/Dropbox/CSCI/CSCI%203155/Projects/project1_student/src/main/scala/edu/colorado/csci3155/project1/StackMachineEmulator.scala:97:40: stale bloop error: type mismatch;
 found   : Boolean
 required: edu.colorado.csci3155.project1.Value
                    (value1.eq(value2) :: newStack, env)
                                       ^
2023.03.14 12:15:30 INFO  file:///Users/devingessner/Library/CloudStorage/Dropbox/CSCI/CSCI%203155/Projects/project1_student/src/main/scala/edu/colorado/csci3155/project1/StackMachineEmulator.scala:100:22: stale bloop error: value not is not a member of edu.colorado.csci3155.project1.Value
                    (value.not() :: newStack, env)
                     ^^^^^^^^^
2023.03.14 12:15:30 INFO  file:///Users/devingessner/Library/CloudStorage/Dropbox/CSCI/CSCI%203155/Projects/project1_student/src/main/scala/edu/colorado/csci3155/project1/StackMachineEmulator.scala:66:38: stale bloop error: not found: value NumValue
                case PushNumI(f) => (NumValue(f) :: stack, env)
                                     ^^^^^^^^
2023.03.14 12:15:30 INFO  file:///Users/devingessner/Library/CloudStorage/Dropbox/CSCI/CSCI%203155/Projects/project1_student/src/main/scala/edu/colorado/csci3155/project1/StackMachineEmulator.scala:67:39: stale bloop error: not found: value BoolValue
                case PushBoolI(b) => (BoolValue(b) :: stack, env)
                                      ^^^^^^^^^
2023.03.14 12:15:30 INFO  file:///Users/devingessner/Library/CloudStorage/Dropbox/CSCI/CSCI%203155/Projects/project1_student/src/main/scala/edu/colorado/csci3155/project1/StackMachineEmulator.scala:70:22: stale bloop error: value add is not a member of edu.colorado.csci3155.project1.Value
                    (value1.add(value2) :: newStack, env)
                     ^^^^^^^^^^
2023.03.14 12:15:30 INFO  file:///Users/devingessner/Library/CloudStorage/Dropbox/CSCI/CSCI%203155/Projects/project1_student/src/main/scala/edu/colorado/csci3155/project1/StackMachineEmulator.scala:73:22: stale bloop error: value sub is not a member of edu.colorado.csci3155.project1.Value
                    (value1.sub(value2) :: newStack, env)
                     ^^^^^^^^^^
2023.03.14 12:15:30 INFO  file:///Users/devingessner/Library/CloudStorage/Dropbox/CSCI/CSCI%203155/Projects/project1_student/src/main/scala/edu/colorado/csci3155/project1/StackMachineEmulator.scala:76:22: stale bloop error: value mult is not a member of edu.colorado.csci3155.project1.Value
                    (value1.mult(value2) :: newStack, env)
                     ^^^^^^^^^^^
2023.03.14 12:15:30 INFO  file:///Users/devingessner/Library/CloudStorage/Dropbox/CSCI/CSCI%203155/Projects/project1_student/src/main/scala/edu/colorado/csci3155/project1/StackMachineEmulator.scala:79:22: stale bloop error: value div is not a member of edu.colorado.csci3155.project1.Value
                    (value1.div(value2) :: newStack, env)
                     ^^^^^^^^^^
2023.03.14 12:15:30 INFO  file:///Users/devingessner/Library/CloudStorage/Dropbox/CSCI/CSCI%203155/Projects/project1_student/src/main/scala/edu/colorado/csci3155/project1/StackMachineEmulator.scala:82:22: stale bloop error: value exp is not a member of edu.colorado.csci3155.project1.Value
                    (value.exp() :: newStack, env)
                     ^^^^^^^^^
2023.03.14 12:15:30 INFO  file:///Users/devingessner/Library/CloudStorage/Dropbox/CSCI/CSCI%203155/Projects/project1_student/src/main/scala/edu/colorado/csci3155/project1/StackMachineEmulator.scala:85:22: stale bloop error: value log is not a member of edu.colorado.csci3155.project1.Value
                    (value.log() :: newStack, env)
                     ^^^^^^^^^
2023.03.14 12:15:30 INFO  file:///Users/devingessner/Library/CloudStorage/Dropbox/CSCI/CSCI%203155/Projects/project1_student/src/main/scala/edu/colorado/csci3155/project1/StackMachineEmulator.scala:88:22: stale bloop error: value sin is not a member of edu.colorado.csci3155.project1.Value
                    (value.sin() :: newStack, env)
                     ^^^^^^^^^
2023.03.14 12:15:30 INFO  file:///Users/devingessner/Library/CloudStorage/Dropbox/CSCI/CSCI%203155/Projects/project1_student/src/main/scala/edu/colorado/csci3155/project1/StackMachineEmulator.scala:91:22: stale bloop error: value cos is not a member of edu.colorado.csci3155.project1.Value
                    (value.cos() :: newStack, env)
                     ^^^^^^^^^
2023.03.14 12:15:30 INFO  file:///Users/devingessner/Library/CloudStorage/Dropbox/CSCI/CSCI%203155/Projects/project1_student/src/main/scala/edu/colorado/csci3155/project1/StackMachineEmulator.scala:94:22: stale bloop error: value geq is not a member of edu.colorado.csci3155.project1.Value
                    (value1.geq(value2) :: newStack, env)
                     ^^^^^^^^^^
2023.03.14 12:15:30 INFO  file:///Users/devingessner/Library/CloudStorage/Dropbox/CSCI/CSCI%203155/Projects/project1_student/src/main/scala/edu/colorado/csci3155/project1/StackMachineEmulator.scala:97:40: stale bloop error: type mismatch;
 found   : Boolean
 required: edu.colorado.csci3155.project1.Value
                    (value1.eq(value2) :: newStack, env)
                                       ^
2023.03.14 12:15:30 INFO  file:///Users/devingessner/Library/CloudStorage/Dropbox/CSCI/CSCI%203155/Projects/project1_student/src/main/scala/edu/colorado/csci3155/project1/StackMachineEmulator.scala:100:22: stale bloop error: value not is not a member of edu.colorado.csci3155.project1.Value
                    (value.not() :: newStack, env)
                     ^^^^^^^^^
Exception in thread "pool-3-thread-1" java.lang.Error: java.lang.InterruptedException
	at java.util.concurrent.ThreadPoolExecutor.runWorker(ThreadPoolExecutor.java:1155)
	at java.util.concurrent.ThreadPoolExecutor$Worker.run(ThreadPoolExecutor.java:624)
	at java.lang.Thread.run(Thread.java:750)
Caused by: java.lang.InterruptedException
	at scala.meta.internal.metals.FutureCancelToken.checkCanceled(FutureCancelToken.scala:29)
	at scala.meta.internal.pc.CompilerAccess.$anonfun$onCompilerJobQueue$1(CompilerAccess.scala:195)
	at scala.meta.internal.pc.CompilerJobQueue$Job.run(CompilerJobQueue.scala:152)
	at java.util.concurrent.ThreadPoolExecutor.runWorker(ThreadPoolExecutor.java:1149)
	... 2 more
Exception in thread "pool-3-thread-2" java.lang.Error: java.lang.InterruptedException
	at java.util.concurrent.ThreadPoolExecutor.runWorker(ThreadPoolExecutor.java:1155)
	at java.util.concurrent.ThreadPoolExecutor$Worker.run(ThreadPoolExecutor.java:624)
	at java.lang.Thread.run(Thread.java:750)
Caused by: java.lang.InterruptedException
	at scala.meta.internal.metals.FutureCancelToken.checkCanceled(FutureCancelToken.scala:29)
	at scala.meta.internal.pc.CompilerAccess.$anonfun$onCompilerJobQueue$1(CompilerAccess.scala:195)
	at scala.meta.internal.pc.CompilerJobQueue$Job.run(CompilerJobQueue.scala:152)
	at java.util.concurrent.ThreadPoolExecutor.runWorker(ThreadPoolExecutor.java:1149)
	... 2 more
2023.03.14 12:15:37 INFO  compiling project1_student (1 scala source)
Mar 14, 2023 12:15:38 PM org.eclipse.lsp4j.jsonrpc.RemoteEndpoint handleCancellation
WARNING: Unmatched cancel notification for request id 1170
2023.03.14 12:15:37 INFO  time: compiled project1_student in 0.82s
2023.03.14 12:17:30 INFO  compiling project1_student (1 scala source)
2023.03.14 12:17:30 INFO  time: compiled project1_student in 0.49s
2023.03.14 12:26:58 INFO  file:///Users/devingessner/Library/CloudStorage/Dropbox/CSCI/CSCI%203155/Projects/project1_student/src/main/scala/edu/colorado/csci3155/project1/StackMachineEmulator.scala:66:34: stale bloop error: not found: value NumValue
            case PushNumI(f) => (NumValue(f) :: stack, env)
                                 ^^^^^^^^
2023.03.14 12:26:58 INFO  file:///Users/devingessner/Library/CloudStorage/Dropbox/CSCI/CSCI%203155/Projects/project1_student/src/main/scala/edu/colorado/csci3155/project1/StackMachineEmulator.scala:67:35: stale bloop error: not found: value BoolValue
            case PushBoolI(b) => (BoolValue(b) :: stack, env)
                                  ^^^^^^^^^
2023.03.14 12:26:58 INFO  file:///Users/devingessner/Library/CloudStorage/Dropbox/CSCI/CSCI%203155/Projects/project1_student/src/main/scala/edu/colorado/csci3155/project1/StackMachineEmulator.scala:70:18: stale bloop error: value add is not a member of edu.colorado.csci3155.project1.Value
                (value1.add(value2) :: newStack, env)
                 ^^^^^^^^^^
2023.03.14 12:26:58 INFO  file:///Users/devingessner/Library/CloudStorage/Dropbox/CSCI/CSCI%203155/Projects/project1_student/src/main/scala/edu/colorado/csci3155/project1/StackMachineEmulator.scala:73:18: stale bloop error: value sub is not a member of edu.colorado.csci3155.project1.Value
                (value1.sub(value2) :: newStack, env)
                 ^^^^^^^^^^
2023.03.14 12:26:58 INFO  file:///Users/devingessner/Library/CloudStorage/Dropbox/CSCI/CSCI%203155/Projects/project1_student/src/main/scala/edu/colorado/csci3155/project1/StackMachineEmulator.scala:76:18: stale bloop error: value mult is not a member of edu.colorado.csci3155.project1.Value
                (value1.mult(value2) :: newStack, env)
                 ^^^^^^^^^^^
2023.03.14 12:26:58 INFO  file:///Users/devingessner/Library/CloudStorage/Dropbox/CSCI/CSCI%203155/Projects/project1_student/src/main/scala/edu/colorado/csci3155/project1/StackMachineEmulator.scala:79:18: stale bloop error: value div is not a member of edu.colorado.csci3155.project1.Value
                (value1.div(value2) :: newStack, env)
                 ^^^^^^^^^^
2023.03.14 12:26:58 INFO  file:///Users/devingessner/Library/CloudStorage/Dropbox/CSCI/CSCI%203155/Projects/project1_student/src/main/scala/edu/colorado/csci3155/project1/StackMachineEmulator.scala:82:18: stale bloop error: value exp is not a member of edu.colorado.csci3155.project1.Value
                (value.exp() :: newStack, env)
                 ^^^^^^^^^
2023.03.14 12:26:58 INFO  file:///Users/devingessner/Library/CloudStorage/Dropbox/CSCI/CSCI%203155/Projects/project1_student/src/main/scala/edu/colorado/csci3155/project1/StackMachineEmulator.scala:85:18: stale bloop error: value log is not a member of edu.colorado.csci3155.project1.Value
                (value.log() :: newStack, env)
                 ^^^^^^^^^
2023.03.14 12:26:58 INFO  file:///Users/devingessner/Library/CloudStorage/Dropbox/CSCI/CSCI%203155/Projects/project1_student/src/main/scala/edu/colorado/csci3155/project1/StackMachineEmulator.scala:88:18: stale bloop error: value sin is not a member of edu.colorado.csci3155.project1.Value
                (value.sin() :: newStack, env)
                 ^^^^^^^^^
2023.03.14 12:26:58 INFO  file:///Users/devingessner/Library/CloudStorage/Dropbox/CSCI/CSCI%203155/Projects/project1_student/src/main/scala/edu/colorado/csci3155/project1/StackMachineEmulator.scala:91:18: stale bloop error: value cos is not a member of edu.colorado.csci3155.project1.Value
                (value.cos() :: newStack, env)
                 ^^^^^^^^^
2023.03.14 12:26:58 INFO  file:///Users/devingessner/Library/CloudStorage/Dropbox/CSCI/CSCI%203155/Projects/project1_student/src/main/scala/edu/colorado/csci3155/project1/StackMachineEmulator.scala:94:18: stale bloop error: value geq is not a member of edu.colorado.csci3155.project1.Value
                (value1.geq(value2) :: newStack, env)
                 ^^^^^^^^^^
2023.03.14 12:26:58 INFO  file:///Users/devingessner/Library/CloudStorage/Dropbox/CSCI/CSCI%203155/Projects/project1_student/src/main/scala/edu/colorado/csci3155/project1/StackMachineEmulator.scala:97:36: stale bloop error: type mismatch;
 found   : Boolean
 required: edu.colorado.csci3155.project1.Value
                (value1.eq(value2) :: newStack, env)
                                   ^
2023.03.14 12:26:58 INFO  file:///Users/devingessner/Library/CloudStorage/Dropbox/CSCI/CSCI%203155/Projects/project1_student/src/main/scala/edu/colorado/csci3155/project1/StackMachineEmulator.scala:100:18: stale bloop error: value not is not a member of edu.colorado.csci3155.project1.Value
                (value.not() :: newStack, env)
                 ^^^^^^^^^
Exception in thread "pool-3-thread-3" java.lang.Error: java.lang.InterruptedException
	at java.util.concurrent.ThreadPoolExecutor.runWorker(ThreadPoolExecutor.java:1155)
	at java.util.concurrent.ThreadPoolExecutor$Worker.run(ThreadPoolExecutor.java:624)
	at java.lang.Thread.run(Thread.java:750)
Caused by: java.lang.InterruptedException
	at scala.meta.internal.metals.FutureCancelToken.checkCanceled(FutureCancelToken.scala:29)
	at scala.meta.internal.pc.CompilerAccess.$anonfun$onCompilerJobQueue$1(CompilerAccess.scala:195)
	at scala.meta.internal.pc.CompilerJobQueue$Job.run(CompilerJobQueue.scala:152)
	at java.util.concurrent.ThreadPoolExecutor.runWorker(ThreadPoolExecutor.java:1149)
	... 2 more
Mar 14, 2023 12:27:00 PM org.eclipse.lsp4j.jsonrpc.RemoteEndpoint handleCancellation
WARNING: Unmatched cancel notification for request id 1233
2023.03.14 12:27:01 INFO  compiling project1_student (1 scala source)
2023.03.14 12:27:08 WARN  there were 6 unchecked warnings; re-run with -unchecked for details
2023.03.14 12:27:08 INFO  time: compiled project1_student in 6.7s
2023.03.14 12:28:16 INFO  file:///Users/devingessner/Library/CloudStorage/Dropbox/CSCI/CSCI%203155/Projects/project1_student/src/main/scala/edu/colorado/csci3155/project1/StackMachineEmulator.scala:61:17: stale bloop warning: match may not be exhaustive.
It would fail on the following inputs: List(Bool(_)), List(Bool(_), Error), List(Bool(_), Num(_)), List(Error), List(Error, Error), List(Error, Num(_)), List(Num(_)), List(Num(_), Error), Nil
                stack match {
                ^^^^^
2023.03.14 12:28:16 INFO  file:///Users/devingessner/Library/CloudStorage/Dropbox/CSCI/CSCI%203155/Projects/project1_student/src/main/scala/edu/colorado/csci3155/project1/StackMachineEmulator.scala:71:17: stale bloop warning: match may not be exhaustive.
It would fail on the following inputs: List(Bool(_)), List(Error), List(Num(_)), List(Num(_), Bool(_)), Nil
                stack match {
                ^^^^^
2023.03.14 12:28:16 INFO  file:///Users/devingessner/Library/CloudStorage/Dropbox/CSCI/CSCI%203155/Projects/project1_student/src/main/scala/edu/colorado/csci3155/project1/StackMachineEmulator.scala:81:17: stale bloop warning: match may not be exhaustive.
It would fail on the following inputs: List(Error), List(Error, Bool(_)), List(Error, Error), List(Error, Num(_)), List(Num(_)), List(Num(_), Bool(_)), List(Num(_), Error), Nil
                stack match {
                ^^^^^
2023.03.14 12:28:16 INFO  file:///Users/devingessner/Library/CloudStorage/Dropbox/CSCI/CSCI%203155/Projects/project1_student/src/main/scala/edu/colorado/csci3155/project1/StackMachineEmulator.scala:91:17: stale bloop warning: match may not be exhaustive.
It would fail on the following inputs: List(Bool(_)), List(Error), List(Error, Bool(_)), List(Error, Error), List(Num(_)), List(Num(_), Bool(_)), List(Num(_), Error), Nil
                stack match {
                ^^^^^
2023.03.14 12:28:16 INFO  file:///Users/devingessner/Library/CloudStorage/Dropbox/CSCI/CSCI%203155/Projects/project1_student/src/main/scala/edu/colorado/csci3155/project1/StackMachineEmulator.scala:104:17: stale bloop warning: match may not be exhaustive.
It would fail on the following inputs: List(Bool(_)), List(Bool(_), Bool(_)), List(Bool(_), Error), List(Bool(_), Num(_)), List(Error), List(Error, Num(_)), Nil
                stack match {
                ^^^^^
2023.03.14 12:28:16 INFO  file:///Users/devingessner/Library/CloudStorage/Dropbox/CSCI/CSCI%203155/Projects/project1_student/src/main/scala/edu/colorado/csci3155/project1/StackMachineEmulator.scala:114:17: stale bloop warning: match may not be exhaustive.
It would fail on the following inputs: List(Bool(_)), List(Bool(_), Error), List(Bool(_), Num(_)), List(Error), List(Error, Bool(_)), List(Error, Error), List(Error, Num(_)), List(Num(_)), List(Num(_), Bool(_)), List(Num(_), Error), Nil
                stack match {
                ^^^^^
2023.03.14 12:28:16 INFO  file:///Users/devingessner/Library/CloudStorage/Dropbox/CSCI/CSCI%203155/Projects/project1_student/src/main/scala/edu/colorado/csci3155/project1/StackMachineEmulator.scala:130:17: stale bloop warning: match may not be exhaustive.
It would fail on the following inputs: List(Error), List(Num(_)), Nil
                stack match {
                ^^^^^
2023.03.14 12:28:16 INFO  file:///Users/devingessner/Library/CloudStorage/Dropbox/CSCI/CSCI%203155/Projects/project1_student/src/main/scala/edu/colorado/csci3155/project1/StackMachineEmulator.scala:139:17: stale bloop warning: match may not be exhaustive.
It would fail on the following inputs: List(Bool(_)), List(Error), Nil
                stack match {
                ^^^^^
2023.03.14 12:28:16 INFO  file:///Users/devingessner/Library/CloudStorage/Dropbox/CSCI/CSCI%203155/Projects/project1_student/src/main/scala/edu/colorado/csci3155/project1/StackMachineEmulator.scala:149:17: stale bloop warning: match may not be exhaustive.
It would fail on the following inputs: List(Bool(_)), List(Error), Nil
                stack match {
                ^^^^^
2023.03.14 12:28:16 INFO  file:///Users/devingessner/Library/CloudStorage/Dropbox/CSCI/CSCI%203155/Projects/project1_student/src/main/scala/edu/colorado/csci3155/project1/StackMachineEmulator.scala:178:17: stale bloop warning: match may not be exhaustive.
It would fail on the following inputs: List(Bool(_)), List(Error), Nil
                stack match {
                ^^^^^
2023.03.14 12:28:16 INFO  file:///Users/devingessner/Library/CloudStorage/Dropbox/CSCI/CSCI%203155/Projects/project1_student/src/main/scala/edu/colorado/csci3155/project1/StackMachineEmulator.scala:189:17: stale bloop warning: match may not be exhaustive.
It would fail on the following inputs: List(Bool(_)), List(Error), Nil
                stack match {
                ^^^^^
2023.03.14 12:28:16 INFO  file:///Users/devingessner/Library/CloudStorage/Dropbox/CSCI/CSCI%203155/Projects/project1_student/src/main/scala/edu/colorado/csci3155/project1/StackMachineEmulator.scala:204:17: stale bloop warning: match may not be exhaustive.
It would fail on the following inputs: List(Error), Nil
                stack match {
                ^^^^^
2023.03.14 12:32:36 INFO  compiling project1_student (1 scala source)
2023.03.14 12:32:40 WARN  there were four unchecked warnings; re-run with -unchecked for details
2023.03.14 12:32:40 INFO  time: compiled project1_student in 3.84s
2023.03.14 12:32:40 WARN  Could not load snapshot text for /Users/devingessner/Library/CloudStorage/Dropbox/CSCI/CSCI 3155/Projects/project1_student/src/main/scala/edu/colorado/csci3155/project1/StackMachineEmulator.scala
2023.03.14 12:32:40 INFO  compiling project1_student (1 scala source)
2023.03.14 12:32:43 WARN  there were three unchecked warnings; re-run with -unchecked for details
2023.03.14 12:32:43 INFO  time: compiled project1_student in 2.77s
Mar 14, 2023 12:32:55 PM org.eclipse.lsp4j.jsonrpc.RemoteEndpoint handleCancellation
WARNING: Unmatched cancel notification for request id 1514
2023.03.14 12:33:28 INFO  compiling project1_student (1 scala source)
2023.03.14 12:33:31 INFO  time: compiled project1_student in 3.52s
Mar 14, 2023 12:35:36 PM org.eclipse.lsp4j.jsonrpc.RemoteEndpoint handleCancellation
WARNING: Unmatched cancel notification for request id 1692
2023.03.14 12:35:38 INFO  compiling project1_student (1 scala source)
2023.03.14 12:35:38 INFO  time: compiled project1_student in 0.82s
2023.03.14 12:36:51 INFO  compiling project1_student (1 scala source)
2023.03.14 12:36:51 INFO  compiling project1_student (1 scala source)
2023.03.14 12:36:53 INFO  time: compiled project1_student in 1.35s
2023.03.14 12:37:49 INFO  compiling project1_student (1 scala source)
2023.03.14 12:37:49 INFO  time: compiled project1_student in 0.92s
2023.03.14 12:38:54 INFO  file:///Users/devingessner/Library/CloudStorage/Dropbox/CSCI/CSCI%203155/Projects/project1_student/src/main/scala/edu/colorado/csci3155/project1/StackMachineCompiler.scala:12:33: stale bloop error: not found: type BinaryOperator
        def compileBinaryOp(op: BinaryOperator, e1: Expr, e2: Expr): List[StackMachineInstruction] = {
                                ^^^^^^^^^^^^^^
2023.03.14 12:38:54 INFO  file:///Users/devingessner/Library/CloudStorage/Dropbox/CSCI/CSCI%203155/Projects/project1_student/src/main/scala/edu/colorado/csci3155/project1/StackMachineCompiler.scala:29:18: stale bloop error: not found: value True
            case True => List(PushBoolI(true))
                 ^^^^
2023.03.14 12:38:54 INFO  file:///Users/devingessner/Library/CloudStorage/Dropbox/CSCI/CSCI%203155/Projects/project1_student/src/main/scala/edu/colorado/csci3155/project1/StackMachineCompiler.scala:30:18: stale bloop error: not found: value False
            case False => List(PushBoolI(false))
                 ^^^^^
2023.03.14 12:38:54 INFO  file:///Users/devingessner/Library/CloudStorage/Dropbox/CSCI/CSCI%203155/Projects/project1_student/src/main/scala/edu/colorado/csci3155/project1/StackMachineCompiler.scala:31:18: stale bloop error: not found: value BinOp
            case BinOp(op, e1, e2) => compileBinaryOp(op, e1, e2)
                 ^^^^^
2023.03.14 12:38:54 INFO  file:///Users/devingessner/Library/CloudStorage/Dropbox/CSCI/CSCI%203155/Projects/project1_student/src/main/scala/edu/colorado/csci3155/project1/StackMachineCompiler.scala:44:18: stale bloop error: not found: value FunDef
            case FunDef(s, e) => List(PushClo(Lambda(s, compileToStackMachineCode(e))))
                 ^^^^^^
2023.03.14 12:38:54 INFO  file:///Users/devingessner/Library/CloudStorage/Dropbox/CSCI/CSCI%203155/Projects/project1_student/src/main/scala/edu/colorado/csci3155/project1/StackMachineCompiler.scala:44:39: stale bloop error: not found: value PushClo
            case FunDef(s, e) => List(PushClo(Lambda(s, compileToStackMachineCode(e))))
                                      ^^^^^^^
2023.03.14 12:38:54 INFO  file:///Users/devingessner/Library/CloudStorage/Dropbox/CSCI/CSCI%203155/Projects/project1_student/src/main/scala/edu/colorado/csci3155/project1/StackMachineCompiler.scala:44:47: stale bloop error: not found: value Lambda
            case FunDef(s, e) => List(PushClo(Lambda(s, compileToStackMachineCode(e))))
                                              ^^^^^^
2023.03.14 12:38:54 INFO  file:///Users/devingessner/Library/CloudStorage/Dropbox/CSCI/CSCI%203155/Projects/project1_student/src/main/scala/edu/colorado/csci3155/project1/StackMachineCompiler.scala:45:18: stale bloop error: not found: value FunCall
            case FunCall(f, arg) => compileToStackMachineCode(arg) ++ compileToStackMachineCode(f) ++ List(ApplyClo)
                 ^^^^^^^
2023.03.14 12:38:54 INFO  file:///Users/devingessner/Library/CloudStorage/Dropbox/CSCI/CSCI%203155/Projects/project1_student/src/main/scala/edu/colorado/csci3155/project1/StackMachineCompiler.scala:45:108: stale bloop error: not found: value ApplyClo
            case FunCall(f, arg) => compileToStackMachineCode(arg) ++ compileToStackMachineCode(f) ++ List(ApplyClo)
                                                                                                           ^^^^^^^^
2023.03.14 12:38:54 INFO  file:///Users/devingessner/Library/CloudStorage/Dropbox/CSCI/CSCI%203155/Projects/project1_student/src/main/scala/edu/colorado/csci3155/project1/StackMachineCompiler.scala:46:18: stale bloop error: not found: value LetRec
            case LetRec(s, FunDef(arg, e1), e2) =>
                 ^^^^^^
2023.03.14 12:38:54 INFO  file:///Users/devingessner/Library/CloudStorage/Dropbox/CSCI/CSCI%203155/Projects/project1_student/src/main/scala/edu/colorado/csci3155/project1/StackMachineCompiler.scala:46:28: stale bloop error: not found: value FunDef
            case LetRec(s, FunDef(arg, e1), e2) =>
                           ^^^^^^
2023.03.14 12:38:54 INFO  file:///Users/devingessner/Library/CloudStorage/Dropbox/CSCI/CSCI%203155/Projects/project1_student/src/main/scala/edu/colorado/csci3155/project1/StackMachineCompiler.scala:47:22: stale bloop error: not found: value PushRec
                List(PushRec(Lambda(arg, compileToStackMachineCode(e1)), s)) ++
                     ^^^^^^^
2023.03.14 12:38:54 INFO  file:///Users/devingessner/Library/CloudStorage/Dropbox/CSCI/CSCI%203155/Projects/project1_student/src/main/scala/edu/colorado/csci3155/project1/StackMachineCompiler.scala:47:30: stale bloop error: not found: value Lambda
                List(PushRec(Lambda(arg, compileToStackMachineCode(e1)), s)) ++
                             ^^^^^^
2023.03.14 12:38:56 INFO  compiling project1_student (1 scala source)
2023.03.14 12:38:56 INFO  time: compiled project1_student in 0.38s
2023.03.14 12:39:14 INFO  compiling project1_student (1 scala source)
2023.03.14 12:39:14 INFO  time: compiled project1_student in 0.94s
2023.03.14 12:40:04 INFO  file:///Users/devingessner/Library/CloudStorage/Dropbox/CSCI/CSCI%203155/Projects/project1_student/src/main/scala/edu/colorado/csci3155/project1/StackMachineCompiler.scala:13:18: stale bloop error: not found: value True
            case True => List(PushBoolI(true))
                 ^^^^
2023.03.14 12:40:04 INFO  file:///Users/devingessner/Library/CloudStorage/Dropbox/CSCI/CSCI%203155/Projects/project1_student/src/main/scala/edu/colorado/csci3155/project1/StackMachineCompiler.scala:14:18: stale bloop error: not found: value False
            case False => List(PushBoolI(false))
                 ^^^^^
2023.03.14 12:40:04 INFO  file:///Users/devingessner/Library/CloudStorage/Dropbox/CSCI/CSCI%203155/Projects/project1_student/src/main/scala/edu/colorado/csci3155/project1/StackMachineCompiler.scala:21:18: stale bloop error: not found: value Sin
            case Sin(e) => compileToStackMachineCode(e) ++ List(SinI)
                 ^^^
2023.03.14 12:40:04 INFO  file:///Users/devingessner/Library/CloudStorage/Dropbox/CSCI/CSCI%203155/Projects/project1_student/src/main/scala/edu/colorado/csci3155/project1/StackMachineCompiler.scala:22:18: stale bloop error: not found: value Cos
            case Cos(e) => compileToStackMachineCode(e) ++ List(CosI)
                 ^^^
2023.03.14 12:40:04 INFO  file:///Users/devingessner/Library/CloudStorage/Dropbox/CSCI/CSCI%203155/Projects/project1_student/src/main/scala/edu/colorado/csci3155/project1/StackMachineCompiler.scala:24:18: stale bloop error: not found: value Identifier
            case Identifier(x) => List(LoadEnv(x))
                 ^^^^^^^^^^
2023.03.14 12:40:07 INFO  compiling project1_student (1 scala source)
2023.03.14 12:40:07 INFO  time: compiled project1_student in 0.44s
2023.03.14 12:41:11 INFO  compiling project1_student (1 scala source)
2023.03.14 12:41:11 INFO  time: compiled project1_student in 0.56s
2023.03.14 12:41:35 WARN  Using indexes to guess the definition of e
2023.03.14 12:41:37 INFO  compiling project1_student (1 scala source)
2023.03.14 12:41:37 INFO  time: compiled project1_student in 0.6s
2023.03.14 12:41:39 INFO  compiling project1_student (1 scala source)
2023.03.14 12:41:39 INFO  time: compiled project1_student in 0.39s
2023.03.14 12:41:42 INFO  file:///Users/devingessner/Library/CloudStorage/Dropbox/CSCI/CSCI%203155/Projects/project1_student/src/main/scala/edu/colorado/csci3155/project1/StackMachineCompiler.scala:13:18: stale bloop error: not found: value True
            case True => List(PushBoolI(true))
                 ^^^^
2023.03.14 12:41:42 INFO  file:///Users/devingessner/Library/CloudStorage/Dropbox/CSCI/CSCI%203155/Projects/project1_student/src/main/scala/edu/colorado/csci3155/project1/StackMachineCompiler.scala:14:18: stale bloop error: not found: value False
            case False => List(PushBoolI(false))
                 ^^^^^
2023.03.14 12:41:42 INFO  file:///Users/devingessner/Library/CloudStorage/Dropbox/CSCI/CSCI%203155/Projects/project1_student/src/main/scala/edu/colorado/csci3155/project1/StackMachineCompiler.scala:24:18: stale bloop error: not found: value Var
            case Var(x) => List(LoadEnv(x))
                 ^^^
2023.03.14 12:41:42 INFO  file:///Users/devingessner/Library/CloudStorage/Dropbox/CSCI/CSCI%203155/Projects/project1_student/src/main/scala/edu/colorado/csci3155/project1/StackMachineCompiler.scala:25:18: stale bloop error: not found: value FunDef
            case FunDef(param, body) => throw new RuntimeException("unsupported feature")
                 ^^^^^^
2023.03.14 12:41:42 INFO  file:///Users/devingessner/Library/CloudStorage/Dropbox/CSCI/CSCI%203155/Projects/project1_student/src/main/scala/edu/colorado/csci3155/project1/StackMachineCompiler.scala:26:18: stale bloop error: not found: value FunCall
            case FunCall(fCall, arg) => throw new RuntimeException("unsupported feature")
                 ^^^^^^^
2023.03.14 12:41:44 INFO  file:///Users/devingessner/Library/CloudStorage/Dropbox/CSCI/CSCI%203155/Projects/project1_student/src/main/scala/edu/colorado/csci3155/project1/StackMachineCompiler.scala:13:18: stale bloop error: not found: value True
            case True => List(PushBoolI(true))
                 ^^^^
2023.03.14 12:41:44 INFO  file:///Users/devingessner/Library/CloudStorage/Dropbox/CSCI/CSCI%203155/Projects/project1_student/src/main/scala/edu/colorado/csci3155/project1/StackMachineCompiler.scala:14:18: stale bloop error: not found: value False
            case False => List(PushBoolI(false))
                 ^^^^^
2023.03.14 12:41:44 INFO  file:///Users/devingessner/Library/CloudStorage/Dropbox/CSCI/CSCI%203155/Projects/project1_student/src/main/scala/edu/colorado/csci3155/project1/StackMachineCompiler.scala:24:18: stale bloop error: not found: value Var
            case Var(x) => List(LoadEnv(x))
                 ^^^
2023.03.14 12:41:44 INFO  file:///Users/devingessner/Library/CloudStorage/Dropbox/CSCI/CSCI%203155/Projects/project1_student/src/main/scala/edu/colorado/csci3155/project1/StackMachineCompiler.scala:25:18: stale bloop error: not found: value FunDef
            case FunDef(param, body) => throw new RuntimeException("unsupported feature")
                 ^^^^^^
2023.03.14 12:41:44 INFO  file:///Users/devingessner/Library/CloudStorage/Dropbox/CSCI/CSCI%203155/Projects/project1_student/src/main/scala/edu/colorado/csci3155/project1/StackMachineCompiler.scala:26:18: stale bloop error: not found: value FunCall
            case FunCall(fCall, arg) => throw new RuntimeException("unsupported feature")
                 ^^^^^^^
2023.03.14 12:41:50 INFO  compiling project1_student (1 scala source)
2023.03.14 12:41:52 INFO  time: compiled project1_student in 1.15s
2023.03.14 12:43:20 INFO  compiling project1_student (1 scala source)
2023.03.14 12:43:20 INFO  time: compiled project1_student in 0.44s
2023.03.14 12:43:35 INFO  compiling project1_student (1 scala source)
2023.03.14 12:43:35 INFO  time: compiled project1_student in 0.44s
2023.03.14 12:43:50 INFO  compiling project1_student (1 scala source)
2023.03.14 12:43:52 INFO  time: compiled project1_student in 1.42s
2023.03.14 12:46:39 INFO  compiling project1_student (1 scala source)
2023.03.14 12:46:39 INFO  time: compiled project1_student in 0.76s
2023.03.14 12:47:06 INFO  file:///Users/devingessner/Library/CloudStorage/Dropbox/CSCI/CSCI%203155/Projects/project1_student/src/main/scala/edu/colorado/csci3155/project1/StackMachineCompiler.scala:13:106: stale bloop error: not found: value MinusI
            case Minus(e1, e2) => compileToStackMachineCode(e1) ++ compileToStackMachineCode(e2) ++ List(MinusI)
                                                                                                         ^^^^^^
2023.03.14 12:47:06 INFO  file:///Users/devingessner/Library/CloudStorage/Dropbox/CSCI/CSCI%203155/Projects/project1_student/src/main/scala/edu/colorado/csci3155/project1/StackMachineCompiler.scala:19:18: stale bloop error: wrong number of arguments for pattern edu.colorado.csci3155.project1.Exp(e: edu.colorado.csci3155.project1.Expr)
            case Exp(e1, e2) => compileToStackMachineCode(e1) ++ compileToStackMachineCode(e2) ++ List(ExpI)
                 ^^^^^^^^^^^
2023.03.14 12:47:06 INFO  file:///Users/devingessner/Library/CloudStorage/Dropbox/CSCI/CSCI%203155/Projects/project1_student/src/main/scala/edu/colorado/csci3155/project1/StackMachineCompiler.scala:23:68: stale bloop error: not found: value SineI
            case Sine(e1) => compileToStackMachineCode(e1) ++ List(SineI)
                                                                   ^^^^^
2023.03.14 12:47:06 INFO  file:///Users/devingessner/Library/CloudStorage/Dropbox/CSCI/CSCI%203155/Projects/project1_student/src/main/scala/edu/colorado/csci3155/project1/StackMachineCompiler.scala:25:70: stale bloop error: not found: value CosineI
            case Cosine(e1) => compileToStackMachineCode(e1) ++ List(CosineI)
                                                                     ^^^^^^^
2023.03.14 12:47:06 INFO  file:///Users/devingessner/Library/CloudStorage/Dropbox/CSCI/CSCI%203155/Projects/project1_student/src/main/scala/edu/colorado/csci3155/project1/StackMachineCompiler.scala:31:78: stale bloop error: not found: value ConstFalse
            case And(e1, e2) => compileToStackMachineCode(IfThenElse(e1, e2, ConstFalse))
                                                                             ^^^^^^^^^^
2023.03.14 12:47:06 INFO  file:///Users/devingessner/Library/CloudStorage/Dropbox/CSCI/CSCI%203155/Projects/project1_student/src/main/scala/edu/colorado/csci3155/project1/StackMachineCompiler.scala:33:73: stale bloop error: not found: value ConstTrue
            case Or(e1, e2) => compileToStackMachineCode(IfThenElse(e1, ConstTrue, e2))
                                                                        ^^^^^^^^^
2023.03.14 12:47:59 INFO  compiling project1_student (1 scala source)
2023.03.14 12:47:59 INFO  time: compiled project1_student in 0.42s
2023.03.14 12:50:37 INFO  file:///Users/devingessner/Library/CloudStorage/Dropbox/CSCI/CSCI%203155/Projects/project1_student/src/main/scala/edu/colorado/csci3155/project1/StackMachineCompiler.scala:17:106: stale bloop error: not found: value MinusI
            case Minus(e1, e2) => compileToStackMachineCode(e1) ++ compileToStackMachineCode(e2) ++ List(MinusI)
                                                                                                         ^^^^^^
2023.03.14 12:50:37 INFO  file:///Users/devingessner/Library/CloudStorage/Dropbox/CSCI/CSCI%203155/Projects/project1_student/src/main/scala/edu/colorado/csci3155/project1/StackMachineCompiler.scala:23:18: stale bloop error: wrong number of arguments for pattern edu.colorado.csci3155.project1.Exp(e: edu.colorado.csci3155.project1.Expr)
            case Exp(e1, e2) => compileToStackMachineCode(e1) ++ compileToStackMachineCode(e2) ++ List(ExpI)
                 ^^^^^^^^^^^
2023.03.14 12:50:37 INFO  file:///Users/devingessner/Library/CloudStorage/Dropbox/CSCI/CSCI%203155/Projects/project1_student/src/main/scala/edu/colorado/csci3155/project1/StackMachineCompiler.scala:27:68: stale bloop error: not found: value SineI
            case Sine(e1) => compileToStackMachineCode(e1) ++ List(SineI)
                                                                   ^^^^^
2023.03.14 12:50:37 INFO  file:///Users/devingessner/Library/CloudStorage/Dropbox/CSCI/CSCI%203155/Projects/project1_student/src/main/scala/edu/colorado/csci3155/project1/StackMachineCompiler.scala:29:70: stale bloop error: not found: value CosineI
            case Cosine(e1) => compileToStackMachineCode(e1) ++ List(CosineI)
                                                                     ^^^^^^^
2023.03.14 12:50:37 INFO  file:///Users/devingessner/Library/CloudStorage/Dropbox/CSCI/CSCI%203155/Projects/project1_student/src/main/scala/edu/colorado/csci3155/project1/StackMachineCompiler.scala:35:78: stale bloop error: not found: value ConstFalse
            case And(e1, e2) => compileToStackMachineCode(IfThenElse(e1, e2, ConstFalse))
                                                                             ^^^^^^^^^^
2023.03.14 12:50:37 INFO  file:///Users/devingessner/Library/CloudStorage/Dropbox/CSCI/CSCI%203155/Projects/project1_student/src/main/scala/edu/colorado/csci3155/project1/StackMachineCompiler.scala:37:73: stale bloop error: not found: value ConstTrue
            case Or(e1, e2) => compileToStackMachineCode(IfThenElse(e1, ConstTrue, e2))
                                                                        ^^^^^^^^^
Exception in thread "pool-3-thread-4" java.lang.Error: java.lang.InterruptedException
	at java.util.concurrent.ThreadPoolExecutor.runWorker(ThreadPoolExecutor.java:1155)
	at java.util.concurrent.ThreadPoolExecutor$Worker.run(ThreadPoolExecutor.java:624)
	at java.lang.Thread.run(Thread.java:750)
Caused by: java.lang.InterruptedException
	at scala.meta.internal.metals.FutureCancelToken.checkCanceled(FutureCancelToken.scala:29)
	at scala.meta.internal.pc.CompilerAccess.$anonfun$onCompilerJobQueue$1(CompilerAccess.scala:195)
	at scala.meta.internal.pc.CompilerJobQueue$Job.run(CompilerJobQueue.scala:152)
	at java.util.concurrent.ThreadPoolExecutor.runWorker(ThreadPoolExecutor.java:1149)
	... 2 more
Exception in thread "pool-3-thread-5" java.lang.Error: java.lang.InterruptedException
	at java.util.concurrent.ThreadPoolExecutor.runWorker(ThreadPoolExecutor.java:1155)
	at java.util.concurrent.ThreadPoolExecutor$Worker.run(ThreadPoolExecutor.java:624)
	at java.lang.Thread.run(Thread.java:750)
Caused by: java.lang.InterruptedException
	at scala.meta.internal.metals.FutureCancelToken.checkCanceled(FutureCancelToken.scala:29)
	at scala.meta.internal.pc.CompilerAccess.$anonfun$onCompilerJobQueue$1(CompilerAccess.scala:195)
	at scala.meta.internal.pc.CompilerJobQueue$Job.run(CompilerJobQueue.scala:152)
	at java.util.concurrent.ThreadPoolExecutor.runWorker(ThreadPoolExecutor.java:1149)
	... 2 more
2023.03.14 12:50:39 INFO  compiling project1_student (1 scala source)
2023.03.14 12:50:39 INFO  time: compiled project1_student in 0.63s
2023.03.14 12:51:22 INFO  compiling project1_student (1 scala source)
2023.03.14 12:51:25 INFO  time: compiled project1_student in 2.03s
2023.03.14 12:56:06 INFO  compiling project1_student (1 scala source)
2023.03.14 12:56:09 INFO  time: compiled project1_student in 2.27s
2023.03.14 12:59:19 INFO  compiling project1_student (1 scala source)
2023.03.14 12:59:21 INFO  time: compiled project1_student in 2.11s
2023.03.14 13:00:22 INFO  compiling project1_student (1 scala source)
2023.03.14 13:00:22 INFO  time: compiled project1_student in 0.5s
2023.03.14 13:01:00 INFO  compiling project1_student (1 scala source)
2023.03.14 13:01:02 INFO  time: compiled project1_student in 1.74s
2023.03.14 13:02:34 INFO  compiling project1_student (1 scala source)
2023.03.14 13:02:34 INFO  time: compiled project1_student in 0.38s
2023.03.14 13:10:32 INFO  compiling project1_student (1 scala source)
2023.03.14 13:10:34 INFO  time: compiled project1_student in 2.1s
2023.03.14 13:11:45 INFO  compiling project1_student (1 scala source)
2023.03.14 13:11:45 INFO  time: compiled project1_student in 0.52s
2023.03.14 13:12:38 INFO  compiling project1_student (1 scala source)
2023.03.14 13:12:41 INFO  time: compiled project1_student in 3.52s
2023.03.14 13:15:16 INFO  compiling project1_student (1 scala source)
2023.03.14 13:15:16 INFO  time: compiled project1_student in 0.58s
2023.03.14 13:18:15 INFO  compiling project1_student (1 scala source)
2023.03.14 13:18:15 INFO  time: compiled project1_student in 0.64s
2023.03.14 13:21:56 INFO  compiling project1_student (1 scala source)
2023.03.14 13:21:56 INFO  time: compiled project1_student in 0.9s
2023.03.14 13:23:40 INFO  compiling project1_student (1 scala source)
2023.03.14 13:23:40 INFO  time: compiled project1_student in 0.71s
2023.03.14 13:24:29 INFO  compiling project1_student (1 scala source)
2023.03.14 13:24:31 INFO  time: compiled project1_student in 2.37s
2023.03.14 13:24:51 INFO  compiling project1_student (1 scala source)
2023.03.14 13:24:54 INFO  time: compiled project1_student in 2.71s
2023.03.14 13:37:05 INFO  compiling project1_student (1 scala source)
2023.03.14 13:37:11 INFO  time: compiled project1_student in 6.37s
2023.03.14 13:37:24 INFO  compiling project1_student (1 scala source)
2023.03.14 13:37:24 INFO  time: compiled project1_student in 0.52s
2023.03.14 13:39:41 INFO  file:///Users/devingessner/Library/CloudStorage/Dropbox/CSCI/CSCI%203155/Projects/project1_student/src/main/scala/edu/colorado/csci3155/project1/StackMachineCompiler.scala:33:98: stale bloop error: not found: value AndI
                aInstructions ++ List(CSkipI(bInstructions.length + 2)) ++ bInstructions ++ List(AndI)
                                                                                                 ^^^^
2023.03.14 13:39:41 INFO  file:///Users/devingessner/Library/CloudStorage/Dropbox/CSCI/CSCI%203155/Projects/project1_student/src/main/scala/edu/colorado/csci3155/project1/StackMachineCompiler.scala:37:73: stale bloop error: not found: value OrI
                aInstructions ++ List(CSkipI(aInstructions.length + 1), OrI) ++ bInstructions
                                                                        ^^^
2023.03.14 13:39:46 INFO  compiling project1_student (1 scala source)
2023.03.14 13:39:46 INFO  time: compiled project1_student in 0.49s
2023.03.14 13:40:58 INFO  compiling project1_student (1 scala source)
2023.03.14 13:41:00 INFO  time: compiled project1_student in 2.03s
2023.03.14 13:43:40 INFO  compiling project1_student (1 scala source)
2023.03.14 13:43:43 INFO  time: compiled project1_student in 2.42s
2023.03.14 13:43:47 INFO  compiling project1_student (1 scala source)
2023.03.14 13:43:49 INFO  time: compiled project1_student in 1.84s
2023.03.14 13:48:26 INFO  compiling project1_student (1 scala source)
2023.03.14 13:48:29 INFO  time: compiled project1_student in 2.37s
2023.03.14 13:49:43 INFO  compiling project1_student (1 scala source)
2023.03.14 13:49:43 INFO  time: compiled project1_student in 0.82s
2023.03.14 13:51:42 INFO  compiling project1_student (1 scala source)
2023.03.14 13:51:44 INFO  time: compiled project1_student in 2.18s
2023.03.14 13:56:19 INFO  compiling project1_student (1 scala source)
2023.03.14 13:56:19 INFO  time: compiled project1_student in 0.85s
2023.03.14 13:57:28 INFO  compiling project1_student (1 scala source)
2023.03.14 13:57:30 INFO  time: compiled project1_student in 2.08s
Exception in thread "pool-3-thread-6" java.lang.Error: java.lang.InterruptedException
	at java.util.concurrent.ThreadPoolExecutor.runWorker(ThreadPoolExecutor.java:1155)
	at java.util.concurrent.ThreadPoolExecutor$Worker.run(ThreadPoolExecutor.java:624)
	at java.lang.Thread.run(Thread.java:750)
Caused by: java.lang.InterruptedException
	at scala.meta.internal.metals.FutureCancelToken.checkCanceled(FutureCancelToken.scala:29)
	at scala.meta.internal.pc.CompilerAccess.$anonfun$onCompilerJobQueue$1(CompilerAccess.scala:195)
	at scala.meta.internal.pc.CompilerJobQueue$Job.run(CompilerJobQueue.scala:152)
	at java.util.concurrent.ThreadPoolExecutor.runWorker(ThreadPoolExecutor.java:1149)
	... 2 more
2023.03.14 14:02:28 INFO  compiling project1_student-test (1 scala source)
2023.03.14 14:02:32 INFO  time: compiled project1_student-test in 3.98s
2023.03.14 14:04:14 INFO  compiling project1_student (1 scala source)
2023.03.14 14:04:16 INFO  time: compiled project1_student in 2.24s
2023.03.14 14:04:56 INFO  compiling project1_student (1 scala source)
2023.03.14 14:04:58 INFO  time: compiled project1_student in 2.48s
